{"C:\\Users\\Leo\\Desktop\\project-2-leobzr\\alumni-app-backend\\src\\app.js": {"path":"C:\\Users\\Leo\\Desktop\\project-2-leobzr\\alumni-app-backend\\src\\app.js","statementMap":{"0":{"start":{"line":20,"column":12},"end":{"line":20,"column":21}},"1":{"start":{"line":23,"column":0},"end":{"line":29,"column":4}},"2":{"start":{"line":30,"column":0},"end":{"line":30,"column":24}},"3":{"start":{"line":31,"column":0},"end":{"line":31,"column":24}},"4":{"start":{"line":34,"column":0},"end":{"line":34,"column":34}},"5":{"start":{"line":35,"column":0},"end":{"line":35,"column":49}},"6":{"start":{"line":36,"column":0},"end":{"line":36,"column":36}},"7":{"start":{"line":37,"column":0},"end":{"line":37,"column":33}},"8":{"start":{"line":38,"column":0},"end":{"line":38,"column":35}},"9":{"start":{"line":39,"column":0},"end":{"line":39,"column":40}},"10":{"start":{"line":42,"column":0},"end":{"line":42,"column":62}},"11":{"start":{"line":45,"column":0},"end":{"line":47,"column":3}},"12":{"start":{"line":46,"column":2},"end":{"line":46,"column":55}},"13":{"start":{"line":49,"column":0},"end":{"line":49,"column":22}}},"fnMap":{"0":{"name":"(anonymous_0)","decl":{"start":{"line":45,"column":8},"end":{"line":45,"column":9}},"loc":{"start":{"line":45,"column":28},"end":{"line":47,"column":1}},"line":45}},"branchMap":{},"s":{"0":4,"1":4,"2":4,"3":4,"4":4,"5":4,"6":4,"7":4,"8":4,"9":4,"10":4,"11":4,"12":0,"13":4},"f":{"0":0},"b":{},"inputSourceMap":null,"_coverageSchema":"1a1c01bbd47fc00a2c39e90264f33305004495a9","hash":"f931ca7a3cdc3e8bbcc40a50a2e3344d2499bba6"}
,"C:\\Users\\Leo\\Desktop\\project-2-leobzr\\alumni-app-backend\\src\\config\\swagger.js": {"path":"C:\\Users\\Leo\\Desktop\\project-2-leobzr\\alumni-app-backend\\src\\config\\swagger.js","statementMap":{"0":{"start":{"line":3,"column":16},"end":{"line":19,"column":1}},"1":{"start":{"line":21,"column":14},"end":{"line":21,"column":35}}},"fnMap":{},"branchMap":{},"s":{"0":4,"1":4},"f":{},"b":{},"inputSourceMap":null,"_coverageSchema":"1a1c01bbd47fc00a2c39e90264f33305004495a9","hash":"b565288b7d64c27291a6183219831fb36a25c915"}
,"C:\\Users\\Leo\\Desktop\\project-2-leobzr\\alumni-app-backend\\src\\features\\admin\\adminController.js": {"path":"C:\\Users\\Leo\\Desktop\\project-2-leobzr\\alumni-app-backend\\src\\features\\admin\\adminController.js","statementMap":{"0":{"start":{"line":6,"column":31},"end":{"line":13,"column":1}},"1":{"start":{"line":7,"column":2},"end":{"line":12,"column":3}},"2":{"start":{"line":8,"column":25},"end":{"line":8,"column":61}},"3":{"start":{"line":9,"column":4},"end":{"line":9,"column":39}},"4":{"start":{"line":11,"column":4},"end":{"line":11,"column":53}},"5":{"start":{"line":16,"column":27},"end":{"line":31,"column":1}},"6":{"start":{"line":17,"column":2},"end":{"line":30,"column":3}},"7":{"start":{"line":18,"column":33},"end":{"line":18,"column":41}},"8":{"start":{"line":20,"column":17},"end":{"line":20,"column":65}},"9":{"start":{"line":22,"column":4},"end":{"line":24,"column":5}},"10":{"start":{"line":23,"column":6},"end":{"line":23,"column":65}},"11":{"start":{"line":26,"column":20},"end":{"line":26,"column":89}},"12":{"start":{"line":27,"column":4},"end":{"line":27,"column":38}},"13":{"start":{"line":29,"column":4},"end":{"line":29,"column":53}},"14":{"start":{"line":34,"column":39},"end":{"line":41,"column":1}},"15":{"start":{"line":35,"column":2},"end":{"line":40,"column":3}},"16":{"start":{"line":36,"column":33},"end":{"line":36,"column":77}},"17":{"start":{"line":37,"column":4},"end":{"line":37,"column":47}},"18":{"start":{"line":39,"column":4},"end":{"line":39,"column":53}},"19":{"start":{"line":44,"column":34},"end":{"line":63,"column":1}},"20":{"start":{"line":45,"column":2},"end":{"line":62,"column":3}},"21":{"start":{"line":46,"column":40},"end":{"line":46,"column":48}},"22":{"start":{"line":48,"column":24},"end":{"line":52,"column":5}},"23":{"start":{"line":54,"column":4},"end":{"line":56,"column":5}},"24":{"start":{"line":55,"column":6},"end":{"line":55,"column":72}},"25":{"start":{"line":58,"column":20},"end":{"line":58,"column":103}},"26":{"start":{"line":59,"column":4},"end":{"line":59,"column":38}},"27":{"start":{"line":61,"column":4},"end":{"line":61,"column":53}}},"fnMap":{"0":{"name":"(anonymous_0)","decl":{"start":{"line":6,"column":31},"end":{"line":6,"column":32}},"loc":{"start":{"line":6,"column":51},"end":{"line":13,"column":1}},"line":6},"1":{"name":"(anonymous_1)","decl":{"start":{"line":16,"column":27},"end":{"line":16,"column":28}},"loc":{"start":{"line":16,"column":47},"end":{"line":31,"column":1}},"line":16},"2":{"name":"(anonymous_2)","decl":{"start":{"line":34,"column":39},"end":{"line":34,"column":40}},"loc":{"start":{"line":34,"column":59},"end":{"line":41,"column":1}},"line":34},"3":{"name":"(anonymous_3)","decl":{"start":{"line":44,"column":34},"end":{"line":44,"column":35}},"loc":{"start":{"line":44,"column":54},"end":{"line":63,"column":1}},"line":44}},"branchMap":{"0":{"loc":{"start":{"line":22,"column":4},"end":{"line":24,"column":5}},"type":"if","locations":[{"start":{"line":22,"column":4},"end":{"line":24,"column":5}},{"start":{},"end":{}}],"line":22},"1":{"loc":{"start":{"line":26,"column":20},"end":{"line":26,"column":89}},"type":"cond-expr","locations":[{"start":{"line":26,"column":31},"end":{"line":26,"column":59}},{"start":{"line":26,"column":62},"end":{"line":26,"column":89}}],"line":26},"2":{"loc":{"start":{"line":54,"column":4},"end":{"line":56,"column":5}},"type":"if","locations":[{"start":{"line":54,"column":4},"end":{"line":56,"column":5}},{"start":{},"end":{}}],"line":54},"3":{"loc":{"start":{"line":58,"column":20},"end":{"line":58,"column":103}},"type":"cond-expr","locations":[{"start":{"line":58,"column":31},"end":{"line":58,"column":66}},{"start":{"line":58,"column":69},"end":{"line":58,"column":103}}],"line":58}},"s":{"0":4,"1":0,"2":0,"3":0,"4":0,"5":4,"6":0,"7":0,"8":0,"9":0,"10":0,"11":0,"12":0,"13":0,"14":4,"15":0,"16":0,"17":0,"18":0,"19":4,"20":0,"21":0,"22":0,"23":0,"24":0,"25":0,"26":0,"27":0},"f":{"0":0,"1":0,"2":0,"3":0},"b":{"0":[0,0],"1":[0,0],"2":[0,0],"3":[0,0]},"inputSourceMap":null,"_coverageSchema":"1a1c01bbd47fc00a2c39e90264f33305004495a9","hash":"70ecd88de4bc1bbb959b176e50a9932b76dc5d66"}
,"C:\\Users\\Leo\\Desktop\\project-2-leobzr\\alumni-app-backend\\src\\features\\admin\\adminRoutes.js": {"path":"C:\\Users\\Leo\\Desktop\\project-2-leobzr\\alumni-app-backend\\src\\features\\admin\\adminRoutes.js","statementMap":{"0":{"start":{"line":5,"column":15},"end":{"line":5,"column":31}},"1":{"start":{"line":8,"column":0},"end":{"line":8,"column":30}},"2":{"start":{"line":9,"column":0},"end":{"line":9,"column":22}},"3":{"start":{"line":19,"column":0},"end":{"line":19,"column":62}},"4":{"start":{"line":29,"column":0},"end":{"line":29,"column":59}},"5":{"start":{"line":39,"column":0},"end":{"line":39,"column":78}},"6":{"start":{"line":49,"column":0},"end":{"line":49,"column":74}}},"fnMap":{},"branchMap":{},"s":{"0":4,"1":4,"2":4,"3":4,"4":4,"5":4,"6":4},"f":{},"b":{},"inputSourceMap":null,"_coverageSchema":"1a1c01bbd47fc00a2c39e90264f33305004495a9","hash":"9dc76f5538b0f916a0bfca2a04cea5492496f2c5"}
,"C:\\Users\\Leo\\Desktop\\project-2-leobzr\\alumni-app-backend\\src\\features\\admin\\adminService.js": {"path":"C:\\Users\\Leo\\Desktop\\project-2-leobzr\\alumni-app-backend\\src\\features\\admin\\adminService.js","statementMap":{"0":{"start":{"line":12,"column":4},"end":{"line":13,"column":43}},"1":{"start":{"line":20,"column":4},"end":{"line":28,"column":5}},"2":{"start":{"line":21,"column":6},"end":{"line":25,"column":8}},"3":{"start":{"line":27,"column":6},"end":{"line":27,"column":44}},"4":{"start":{"line":35,"column":4},"end":{"line":38,"column":7}},"5":{"start":{"line":45,"column":4},"end":{"line":58,"column":5}},"6":{"start":{"line":46,"column":6},"end":{"line":55,"column":8}},"7":{"start":{"line":57,"column":6},"end":{"line":57,"column":58}}},"fnMap":{"0":{"name":"(anonymous_0)","decl":{"start":{"line":11,"column":2},"end":{"line":11,"column":3}},"loc":{"start":{"line":11,"column":26},"end":{"line":14,"column":3}},"line":11},"1":{"name":"(anonymous_1)","decl":{"start":{"line":19,"column":2},"end":{"line":19,"column":3}},"loc":{"start":{"line":19,"column":38},"end":{"line":29,"column":3}},"line":19},"2":{"name":"(anonymous_2)","decl":{"start":{"line":34,"column":2},"end":{"line":34,"column":3}},"loc":{"start":{"line":34,"column":34},"end":{"line":39,"column":3}},"line":34},"3":{"name":"(anonymous_3)","decl":{"start":{"line":44,"column":2},"end":{"line":44,"column":3}},"loc":{"start":{"line":44,"column":61},"end":{"line":59,"column":3}},"line":44}},"branchMap":{"0":{"loc":{"start":{"line":20,"column":4},"end":{"line":28,"column":5}},"type":"if","locations":[{"start":{"line":20,"column":4},"end":{"line":28,"column":5}},{"start":{"line":26,"column":11},"end":{"line":28,"column":5}}],"line":20},"1":{"loc":{"start":{"line":45,"column":4},"end":{"line":58,"column":5}},"type":"if","locations":[{"start":{"line":45,"column":4},"end":{"line":58,"column":5}},{"start":{"line":56,"column":11},"end":{"line":58,"column":5}}],"line":45}},"s":{"0":2,"1":4,"2":2,"3":2,"4":2,"5":0,"6":0,"7":0},"f":{"0":2,"1":4,"2":2,"3":0},"b":{"0":[2,2],"1":[0,0]},"inputSourceMap":null,"_coverageSchema":"1a1c01bbd47fc00a2c39e90264f33305004495a9","hash":"8d26a3c5b23b3def1969748d9679024b152bda87"}
,"C:\\Users\\Leo\\Desktop\\project-2-leobzr\\alumni-app-backend\\src\\features\\auth\\authController.js": {"path":"C:\\Users\\Leo\\Desktop\\project-2-leobzr\\alumni-app-backend\\src\\features\\auth\\authController.js","statementMap":{"0":{"start":{"line":6,"column":28},"end":{"line":6,"column":82}},"1":{"start":{"line":7,"column":29},"end":{"line":7,"column":85}},"2":{"start":{"line":8,"column":26},"end":{"line":8,"column":31}},"3":{"start":{"line":9,"column":27},"end":{"line":9,"column":31}},"4":{"start":{"line":12,"column":28},"end":{"line":14,"column":1}},"5":{"start":{"line":13,"column":2},"end":{"line":13,"column":82}},"6":{"start":{"line":16,"column":29},"end":{"line":18,"column":1}},"7":{"start":{"line":17,"column":2},"end":{"line":17,"column":84}},"8":{"start":{"line":21,"column":24},"end":{"line":28,"column":1}},"9":{"start":{"line":22,"column":2},"end":{"line":27,"column":3}},"10":{"start":{"line":23,"column":17},"end":{"line":23,"column":53}},"11":{"start":{"line":24,"column":4},"end":{"line":24,"column":90}},"12":{"start":{"line":26,"column":4},"end":{"line":26,"column":53}},"13":{"start":{"line":31,"column":21},"end":{"line":48,"column":1}},"14":{"start":{"line":32,"column":2},"end":{"line":47,"column":3}},"15":{"start":{"line":33,"column":32},"end":{"line":33,"column":40}},"16":{"start":{"line":34,"column":48},"end":{"line":34,"column":88}},"17":{"start":{"line":37,"column":4},"end":{"line":42,"column":7}},"18":{"start":{"line":44,"column":4},"end":{"line":44,"column":30}},"19":{"start":{"line":46,"column":4},"end":{"line":46,"column":53}},"20":{"start":{"line":51,"column":23},"end":{"line":59,"column":1}},"21":{"start":{"line":52,"column":2},"end":{"line":58,"column":3}},"22":{"start":{"line":53,"column":25},"end":{"line":53,"column":49}},"23":{"start":{"line":54,"column":28},"end":{"line":54,"column":67}},"24":{"start":{"line":55,"column":4},"end":{"line":55,"column":30}},"25":{"start":{"line":57,"column":4},"end":{"line":57,"column":53}},"26":{"start":{"line":62,"column":22},"end":{"line":70,"column":1}},"27":{"start":{"line":63,"column":2},"end":{"line":69,"column":3}},"28":{"start":{"line":65,"column":4},"end":{"line":65,"column":36}},"29":{"start":{"line":66,"column":4},"end":{"line":66,"column":53}},"30":{"start":{"line":68,"column":4},"end":{"line":68,"column":53}},"31":{"start":{"line":73,"column":30},"end":{"line":85,"column":1}},"32":{"start":{"line":74,"column":2},"end":{"line":84,"column":3}},"33":{"start":{"line":75,"column":17},"end":{"line":75,"column":62}},"34":{"start":{"line":77,"column":4},"end":{"line":79,"column":5}},"35":{"start":{"line":78,"column":6},"end":{"line":78,"column":65}},"36":{"start":{"line":81,"column":4},"end":{"line":81,"column":31}},"37":{"start":{"line":83,"column":4},"end":{"line":83,"column":53}}},"fnMap":{"0":{"name":"(anonymous_0)","decl":{"start":{"line":12,"column":28},"end":{"line":12,"column":29}},"loc":{"start":{"line":12,"column":41},"end":{"line":14,"column":1}},"line":12},"1":{"name":"(anonymous_1)","decl":{"start":{"line":16,"column":29},"end":{"line":16,"column":30}},"loc":{"start":{"line":16,"column":42},"end":{"line":18,"column":1}},"line":16},"2":{"name":"(anonymous_2)","decl":{"start":{"line":21,"column":24},"end":{"line":21,"column":25}},"loc":{"start":{"line":21,"column":44},"end":{"line":28,"column":1}},"line":21},"3":{"name":"(anonymous_3)","decl":{"start":{"line":31,"column":21},"end":{"line":31,"column":22}},"loc":{"start":{"line":31,"column":41},"end":{"line":48,"column":1}},"line":31},"4":{"name":"(anonymous_4)","decl":{"start":{"line":51,"column":23},"end":{"line":51,"column":24}},"loc":{"start":{"line":51,"column":43},"end":{"line":59,"column":1}},"line":51},"5":{"name":"(anonymous_5)","decl":{"start":{"line":62,"column":22},"end":{"line":62,"column":23}},"loc":{"start":{"line":62,"column":42},"end":{"line":70,"column":1}},"line":62},"6":{"name":"(anonymous_6)","decl":{"start":{"line":73,"column":30},"end":{"line":73,"column":31}},"loc":{"start":{"line":73,"column":50},"end":{"line":85,"column":1}},"line":73}},"branchMap":{"0":{"loc":{"start":{"line":6,"column":28},"end":{"line":6,"column":82}},"type":"binary-expr","locations":[{"start":{"line":6,"column":28},"end":{"line":6,"column":59}},{"start":{"line":6,"column":63},"end":{"line":6,"column":82}}],"line":6},"1":{"loc":{"start":{"line":7,"column":29},"end":{"line":7,"column":85}},"type":"binary-expr","locations":[{"start":{"line":7,"column":29},"end":{"line":7,"column":61}},{"start":{"line":7,"column":65},"end":{"line":7,"column":85}}],"line":7},"2":{"loc":{"start":{"line":77,"column":4},"end":{"line":79,"column":5}},"type":"if","locations":[{"start":{"line":77,"column":4},"end":{"line":79,"column":5}},{"start":{},"end":{}}],"line":77}},"s":{"0":4,"1":4,"2":4,"3":4,"4":4,"5":0,"6":4,"7":0,"8":4,"9":0,"10":0,"11":0,"12":0,"13":4,"14":0,"15":0,"16":0,"17":0,"18":0,"19":0,"20":4,"21":0,"22":0,"23":0,"24":0,"25":0,"26":4,"27":0,"28":0,"29":0,"30":0,"31":4,"32":0,"33":0,"34":0,"35":0,"36":0,"37":0},"f":{"0":0,"1":0,"2":0,"3":0,"4":0,"5":0,"6":0},"b":{"0":[4,4],"1":[4,4],"2":[0,0]},"inputSourceMap":null,"_coverageSchema":"1a1c01bbd47fc00a2c39e90264f33305004495a9","hash":"5a937fbba0255c3556734caf072297b5fbf3f4e4"}
,"C:\\Users\\Leo\\Desktop\\project-2-leobzr\\alumni-app-backend\\src\\features\\auth\\authRoutes.js": {"path":"C:\\Users\\Leo\\Desktop\\project-2-leobzr\\alumni-app-backend\\src\\features\\auth\\authRoutes.js","statementMap":{"0":{"start":{"line":5,"column":15},"end":{"line":5,"column":31}},"1":{"start":{"line":41,"column":0},"end":{"line":41,"column":50}},"2":{"start":{"line":63,"column":0},"end":{"line":63,"column":44}},"3":{"start":{"line":74,"column":0},"end":{"line":74,"column":48}},"4":{"start":{"line":85,"column":0},"end":{"line":85,"column":46}},"5":{"start":{"line":99,"column":0},"end":{"line":99,"column":68}}},"fnMap":{},"branchMap":{},"s":{"0":4,"1":4,"2":4,"3":4,"4":4,"5":4},"f":{},"b":{},"inputSourceMap":null,"_coverageSchema":"1a1c01bbd47fc00a2c39e90264f33305004495a9","hash":"27b48cec95ae46ca7652735975881c281cb3f6bd"}
,"C:\\Users\\Leo\\Desktop\\project-2-leobzr\\alumni-app-backend\\src\\features\\auth\\authService.js": {"path":"C:\\Users\\Leo\\Desktop\\project-2-leobzr\\alumni-app-backend\\src\\features\\auth\\authService.js","statementMap":{"0":{"start":{"line":9,"column":4},"end":{"line":9,"column":86}},"1":{"start":{"line":10,"column":4},"end":{"line":10,"column":89}},"2":{"start":{"line":11,"column":4},"end":{"line":11,"column":35}},"3":{"start":{"line":12,"column":4},"end":{"line":12,"column":35}},"4":{"start":{"line":19,"column":4},"end":{"line":19,"column":94}},"5":{"start":{"line":26,"column":4},"end":{"line":26,"column":96}},"6":{"start":{"line":34,"column":25},"end":{"line":36,"column":6}},"7":{"start":{"line":38,"column":4},"end":{"line":40,"column":5}},"8":{"start":{"line":39,"column":6},"end":{"line":39,"column":45}},"9":{"start":{"line":43,"column":17},"end":{"line":46,"column":6}},"10":{"start":{"line":48,"column":4},"end":{"line":48,"column":23}},"11":{"start":{"line":56,"column":17},"end":{"line":56,"column":46}},"12":{"start":{"line":57,"column":4},"end":{"line":59,"column":5}},"13":{"start":{"line":58,"column":6},"end":{"line":58,"column":45}},"14":{"start":{"line":62,"column":4},"end":{"line":64,"column":5}},"15":{"start":{"line":63,"column":6},"end":{"line":63,"column":50}},"16":{"start":{"line":67,"column":28},"end":{"line":67,"column":64}},"17":{"start":{"line":68,"column":4},"end":{"line":70,"column":5}},"18":{"start":{"line":69,"column":6},"end":{"line":69,"column":45}},"19":{"start":{"line":73,"column":20},"end":{"line":78,"column":5}},"20":{"start":{"line":81,"column":24},"end":{"line":81,"column":57}},"21":{"start":{"line":82,"column":25},"end":{"line":82,"column":59}},"22":{"start":{"line":84,"column":4},"end":{"line":84,"column":47}},"23":{"start":{"line":91,"column":4},"end":{"line":93,"column":5}},"24":{"start":{"line":92,"column":6},"end":{"line":92,"column":49}},"25":{"start":{"line":95,"column":4},"end":{"line":112,"column":5}},"26":{"start":{"line":97,"column":22},"end":{"line":97,"column":73}},"27":{"start":{"line":100,"column":22},"end":{"line":105,"column":7}},"28":{"start":{"line":108,"column":26},"end":{"line":108,"column":59}},"29":{"start":{"line":109,"column":6},"end":{"line":109,"column":29}},"30":{"start":{"line":111,"column":6},"end":{"line":111,"column":58}},"31":{"start":{"line":119,"column":4},"end":{"line":119,"column":69}}},"fnMap":{"0":{"name":"(anonymous_0)","decl":{"start":{"line":8,"column":2},"end":{"line":8,"column":3}},"loc":{"start":{"line":8,"column":16},"end":{"line":13,"column":3}},"line":8},"1":{"name":"(anonymous_1)","decl":{"start":{"line":18,"column":2},"end":{"line":18,"column":3}},"loc":{"start":{"line":18,"column":31},"end":{"line":20,"column":3}},"line":18},"2":{"name":"(anonymous_2)","decl":{"start":{"line":25,"column":2},"end":{"line":25,"column":3}},"loc":{"start":{"line":25,"column":32},"end":{"line":27,"column":3}},"line":25},"3":{"name":"(anonymous_3)","decl":{"start":{"line":32,"column":2},"end":{"line":32,"column":3}},"loc":{"start":{"line":32,"column":27},"end":{"line":49,"column":3}},"line":32},"4":{"name":"(anonymous_4)","decl":{"start":{"line":54,"column":2},"end":{"line":54,"column":3}},"loc":{"start":{"line":54,"column":31},"end":{"line":85,"column":3}},"line":54},"5":{"name":"(anonymous_5)","decl":{"start":{"line":90,"column":2},"end":{"line":90,"column":3}},"loc":{"start":{"line":90,"column":30},"end":{"line":113,"column":3}},"line":90},"6":{"name":"(anonymous_6)","decl":{"start":{"line":118,"column":2},"end":{"line":118,"column":3}},"loc":{"start":{"line":118,"column":31},"end":{"line":120,"column":3}},"line":118}},"branchMap":{"0":{"loc":{"start":{"line":9,"column":31},"end":{"line":9,"column":85}},"type":"binary-expr","locations":[{"start":{"line":9,"column":31},"end":{"line":9,"column":62}},{"start":{"line":9,"column":66},"end":{"line":9,"column":85}}],"line":9},"1":{"loc":{"start":{"line":10,"column":32},"end":{"line":10,"column":88}},"type":"binary-expr","locations":[{"start":{"line":10,"column":32},"end":{"line":10,"column":64}},{"start":{"line":10,"column":68},"end":{"line":10,"column":88}}],"line":10},"2":{"loc":{"start":{"line":38,"column":4},"end":{"line":40,"column":5}},"type":"if","locations":[{"start":{"line":38,"column":4},"end":{"line":40,"column":5}},{"start":{},"end":{}}],"line":38},"3":{"loc":{"start":{"line":57,"column":4},"end":{"line":59,"column":5}},"type":"if","locations":[{"start":{"line":57,"column":4},"end":{"line":59,"column":5}},{"start":{},"end":{}}],"line":57},"4":{"loc":{"start":{"line":62,"column":4},"end":{"line":64,"column":5}},"type":"if","locations":[{"start":{"line":62,"column":4},"end":{"line":64,"column":5}},{"start":{},"end":{}}],"line":62},"5":{"loc":{"start":{"line":68,"column":4},"end":{"line":70,"column":5}},"type":"if","locations":[{"start":{"line":68,"column":4},"end":{"line":70,"column":5}},{"start":{},"end":{}}],"line":68},"6":{"loc":{"start":{"line":77,"column":12},"end":{"line":77,"column":31}},"type":"binary-expr","locations":[{"start":{"line":77,"column":12},"end":{"line":77,"column":21}},{"start":{"line":77,"column":25},"end":{"line":77,"column":31}}],"line":77},"7":{"loc":{"start":{"line":91,"column":4},"end":{"line":93,"column":5}},"type":"if","locations":[{"start":{"line":91,"column":4},"end":{"line":93,"column":5}},{"start":{},"end":{}}],"line":91}},"s":{"0":5,"1":5,"2":5,"3":5,"4":0,"5":0,"6":0,"7":0,"8":0,"9":0,"10":0,"11":1,"12":1,"13":1,"14":0,"15":0,"16":0,"17":0,"18":0,"19":0,"20":0,"21":0,"22":0,"23":0,"24":0,"25":0,"26":0,"27":0,"28":0,"29":0,"30":0,"31":0},"f":{"0":5,"1":0,"2":0,"3":0,"4":1,"5":0,"6":0},"b":{"0":[5,5],"1":[5,5],"2":[0,0],"3":[1,0],"4":[0,0],"5":[0,0],"6":[0,0],"7":[0,0]},"inputSourceMap":null,"_coverageSchema":"1a1c01bbd47fc00a2c39e90264f33305004495a9","hash":"6063acbffead426509351e2806aee786655240bb"}
,"C:\\Users\\Leo\\Desktop\\project-2-leobzr\\alumni-app-backend\\src\\features\\majors\\major.js": {"path":"C:\\Users\\Leo\\Desktop\\project-2-leobzr\\alumni-app-backend\\src\\features\\majors\\major.js","statementMap":{"0":{"start":{"line":3,"column":20},"end":{"line":12,"column":2}},"1":{"start":{"line":14,"column":21},"end":{"line":14,"column":57}}},"fnMap":{},"branchMap":{},"s":{"0":5,"1":5},"f":{},"b":{},"inputSourceMap":null,"_coverageSchema":"1a1c01bbd47fc00a2c39e90264f33305004495a9","hash":"2cba3817dc02c3bd934b222e56a7d6f3e9ab6941"}
,"C:\\Users\\Leo\\Desktop\\project-2-leobzr\\alumni-app-backend\\src\\features\\majors\\majorController.js": {"path":"C:\\Users\\Leo\\Desktop\\project-2-leobzr\\alumni-app-backend\\src\\features\\majors\\majorController.js","statementMap":{"0":{"start":{"line":3,"column":28},"end":{"line":10,"column":1}},"1":{"start":{"line":4,"column":2},"end":{"line":9,"column":3}},"2":{"start":{"line":5,"column":19},"end":{"line":5,"column":52}},"3":{"start":{"line":6,"column":4},"end":{"line":6,"column":33}},"4":{"start":{"line":8,"column":4},"end":{"line":8,"column":53}},"5":{"start":{"line":12,"column":28},"end":{"line":22,"column":1}},"6":{"start":{"line":13,"column":2},"end":{"line":21,"column":3}},"7":{"start":{"line":14,"column":18},"end":{"line":14,"column":64}},"8":{"start":{"line":15,"column":4},"end":{"line":17,"column":5}},"9":{"start":{"line":16,"column":6},"end":{"line":16,"column":66}},"10":{"start":{"line":18,"column":4},"end":{"line":18,"column":32}},"11":{"start":{"line":20,"column":4},"end":{"line":20,"column":53}},"12":{"start":{"line":24,"column":27},"end":{"line":31,"column":1}},"13":{"start":{"line":25,"column":2},"end":{"line":30,"column":3}},"14":{"start":{"line":26,"column":23},"end":{"line":26,"column":63}},"15":{"start":{"line":27,"column":4},"end":{"line":27,"column":37}},"16":{"start":{"line":29,"column":4},"end":{"line":29,"column":53}},"17":{"start":{"line":33,"column":27},"end":{"line":43,"column":1}},"18":{"start":{"line":34,"column":2},"end":{"line":42,"column":3}},"19":{"start":{"line":35,"column":25},"end":{"line":35,"column":80}},"20":{"start":{"line":36,"column":4},"end":{"line":38,"column":5}},"21":{"start":{"line":37,"column":6},"end":{"line":37,"column":66}},"22":{"start":{"line":39,"column":4},"end":{"line":39,"column":39}},"23":{"start":{"line":41,"column":4},"end":{"line":41,"column":53}},"24":{"start":{"line":45,"column":27},"end":{"line":55,"column":1}},"25":{"start":{"line":46,"column":2},"end":{"line":54,"column":3}},"26":{"start":{"line":47,"column":25},"end":{"line":47,"column":70}},"27":{"start":{"line":48,"column":4},"end":{"line":50,"column":5}},"28":{"start":{"line":49,"column":6},"end":{"line":49,"column":66}},"29":{"start":{"line":51,"column":4},"end":{"line":51,"column":68}},"30":{"start":{"line":53,"column":4},"end":{"line":53,"column":53}}},"fnMap":{"0":{"name":"(anonymous_0)","decl":{"start":{"line":3,"column":28},"end":{"line":3,"column":29}},"loc":{"start":{"line":3,"column":48},"end":{"line":10,"column":1}},"line":3},"1":{"name":"(anonymous_1)","decl":{"start":{"line":12,"column":28},"end":{"line":12,"column":29}},"loc":{"start":{"line":12,"column":48},"end":{"line":22,"column":1}},"line":12},"2":{"name":"(anonymous_2)","decl":{"start":{"line":24,"column":27},"end":{"line":24,"column":28}},"loc":{"start":{"line":24,"column":47},"end":{"line":31,"column":1}},"line":24},"3":{"name":"(anonymous_3)","decl":{"start":{"line":33,"column":27},"end":{"line":33,"column":28}},"loc":{"start":{"line":33,"column":47},"end":{"line":43,"column":1}},"line":33},"4":{"name":"(anonymous_4)","decl":{"start":{"line":45,"column":27},"end":{"line":45,"column":28}},"loc":{"start":{"line":45,"column":47},"end":{"line":55,"column":1}},"line":45}},"branchMap":{"0":{"loc":{"start":{"line":15,"column":4},"end":{"line":17,"column":5}},"type":"if","locations":[{"start":{"line":15,"column":4},"end":{"line":17,"column":5}},{"start":{},"end":{}}],"line":15},"1":{"loc":{"start":{"line":36,"column":4},"end":{"line":38,"column":5}},"type":"if","locations":[{"start":{"line":36,"column":4},"end":{"line":38,"column":5}},{"start":{},"end":{}}],"line":36},"2":{"loc":{"start":{"line":48,"column":4},"end":{"line":50,"column":5}},"type":"if","locations":[{"start":{"line":48,"column":4},"end":{"line":50,"column":5}},{"start":{},"end":{}}],"line":48}},"s":{"0":4,"1":1,"2":1,"3":1,"4":0,"5":4,"6":0,"7":0,"8":0,"9":0,"10":0,"11":0,"12":4,"13":1,"14":1,"15":1,"16":0,"17":4,"18":0,"19":0,"20":0,"21":0,"22":0,"23":0,"24":4,"25":0,"26":0,"27":0,"28":0,"29":0,"30":0},"f":{"0":1,"1":0,"2":1,"3":0,"4":0},"b":{"0":[0,0],"1":[0,0],"2":[0,0]},"inputSourceMap":null,"_coverageSchema":"1a1c01bbd47fc00a2c39e90264f33305004495a9","hash":"094fdd8d9bafd50fedbc52d3b1f32977f61dfbe7"}
,"C:\\Users\\Leo\\Desktop\\project-2-leobzr\\alumni-app-backend\\src\\features\\majors\\majorRoutes.js": {"path":"C:\\Users\\Leo\\Desktop\\project-2-leobzr\\alumni-app-backend\\src\\features\\majors\\majorRoutes.js","statementMap":{"0":{"start":{"line":4,"column":15},"end":{"line":4,"column":31}},"1":{"start":{"line":14,"column":0},"end":{"line":14,"column":46}},"2":{"start":{"line":33,"column":0},"end":{"line":33,"column":49}},"3":{"start":{"line":50,"column":0},"end":{"line":50,"column":46}},"4":{"start":{"line":73,"column":0},"end":{"line":73,"column":48}},"5":{"start":{"line":90,"column":0},"end":{"line":90,"column":51}}},"fnMap":{},"branchMap":{},"s":{"0":4,"1":4,"2":4,"3":4,"4":4,"5":4},"f":{},"b":{},"inputSourceMap":null,"_coverageSchema":"1a1c01bbd47fc00a2c39e90264f33305004495a9","hash":"ab5c76ed14f0cea0e459a4ded3cf08f16402c793"}
,"C:\\Users\\Leo\\Desktop\\project-2-leobzr\\alumni-app-backend\\src\\features\\majors\\majorService.js": {"path":"C:\\Users\\Leo\\Desktop\\project-2-leobzr\\alumni-app-backend\\src\\features\\majors\\majorService.js","statementMap":{"0":{"start":{"line":11,"column":4},"end":{"line":11,"column":24}},"1":{"start":{"line":18,"column":4},"end":{"line":18,"column":30}},"2":{"start":{"line":25,"column":21},"end":{"line":25,"column":36}},"3":{"start":{"line":26,"column":4},"end":{"line":26,"column":27}},"4":{"start":{"line":33,"column":4},"end":{"line":33,"column":60}},"5":{"start":{"line":40,"column":4},"end":{"line":40,"column":39}}},"fnMap":{"0":{"name":"(anonymous_0)","decl":{"start":{"line":10,"column":2},"end":{"line":10,"column":3}},"loc":{"start":{"line":10,"column":23},"end":{"line":12,"column":3}},"line":10},"1":{"name":"(anonymous_1)","decl":{"start":{"line":17,"column":2},"end":{"line":17,"column":3}},"loc":{"start":{"line":17,"column":25},"end":{"line":19,"column":3}},"line":17},"2":{"name":"(anonymous_2)","decl":{"start":{"line":24,"column":2},"end":{"line":24,"column":3}},"loc":{"start":{"line":24,"column":26},"end":{"line":27,"column":3}},"line":24},"3":{"name":"(anonymous_3)","decl":{"start":{"line":32,"column":2},"end":{"line":32,"column":3}},"loc":{"start":{"line":32,"column":30},"end":{"line":34,"column":3}},"line":32},"4":{"name":"(anonymous_4)","decl":{"start":{"line":39,"column":2},"end":{"line":39,"column":3}},"loc":{"start":{"line":39,"column":24},"end":{"line":41,"column":3}},"line":39}},"branchMap":{},"s":{"0":2,"1":2,"2":1,"3":1,"4":0,"5":0},"f":{"0":2,"1":2,"2":1,"3":0,"4":0},"b":{},"inputSourceMap":null,"_coverageSchema":"1a1c01bbd47fc00a2c39e90264f33305004495a9","hash":"d0353a8e87758a89bbe1eddede37fe21f3fb835b"}
,"C:\\Users\\Leo\\Desktop\\project-2-leobzr\\alumni-app-backend\\src\\features\\messages\\message.js": {"path":"C:\\Users\\Leo\\Desktop\\project-2-leobzr\\alumni-app-backend\\src\\features\\messages\\message.js","statementMap":{"0":{"start":{"line":4,"column":22},"end":{"line":25,"column":2}},"1":{"start":{"line":27,"column":23},"end":{"line":27,"column":63}}},"fnMap":{},"branchMap":{},"s":{"0":5,"1":5},"f":{},"b":{},"inputSourceMap":null,"_coverageSchema":"1a1c01bbd47fc00a2c39e90264f33305004495a9","hash":"5d26a09560647aa3b2b3fdb182109617df02473b"}
,"C:\\Users\\Leo\\Desktop\\project-2-leobzr\\alumni-app-backend\\src\\features\\messages\\messageController.js": {"path":"C:\\Users\\Leo\\Desktop\\project-2-leobzr\\alumni-app-backend\\src\\features\\messages\\messageController.js","statementMap":{"0":{"start":{"line":4,"column":27},"end":{"line":12,"column":1}},"1":{"start":{"line":5,"column":2},"end":{"line":11,"column":3}},"2":{"start":{"line":6,"column":44},"end":{"line":6,"column":52}},"3":{"start":{"line":7,"column":4},"end":{"line":7,"column":79}},"4":{"start":{"line":8,"column":4},"end":{"line":8,"column":67}},"5":{"start":{"line":10,"column":4},"end":{"line":10,"column":53}},"6":{"start":{"line":15,"column":24},"end":{"line":22,"column":1}},"7":{"start":{"line":16,"column":2},"end":{"line":21,"column":3}},"8":{"start":{"line":17,"column":21},"end":{"line":17,"column":63}},"9":{"start":{"line":18,"column":4},"end":{"line":18,"column":35}},"10":{"start":{"line":20,"column":4},"end":{"line":20,"column":53}},"11":{"start":{"line":25,"column":23},"end":{"line":32,"column":1}},"12":{"start":{"line":26,"column":2},"end":{"line":31,"column":3}},"13":{"start":{"line":27,"column":21},"end":{"line":27,"column":62}},"14":{"start":{"line":28,"column":4},"end":{"line":28,"column":35}},"15":{"start":{"line":30,"column":4},"end":{"line":30,"column":53}},"16":{"start":{"line":35,"column":26},"end":{"line":48,"column":1}},"17":{"start":{"line":36,"column":2},"end":{"line":47,"column":3}},"18":{"start":{"line":37,"column":26},"end":{"line":37,"column":36}},"19":{"start":{"line":38,"column":4},"end":{"line":38,"column":60}},"20":{"start":{"line":39,"column":4},"end":{"line":39,"column":64}},"21":{"start":{"line":41,"column":4},"end":{"line":45,"column":5}},"22":{"start":{"line":42,"column":6},"end":{"line":42,"column":62}},"23":{"start":{"line":43,"column":11},"end":{"line":45,"column":5}},"24":{"start":{"line":44,"column":6},"end":{"line":44,"column":62}},"25":{"start":{"line":46,"column":4},"end":{"line":46,"column":53}},"26":{"start":{"line":51,"column":29},"end":{"line":64,"column":1}},"27":{"start":{"line":52,"column":2},"end":{"line":63,"column":3}},"28":{"start":{"line":53,"column":26},"end":{"line":53,"column":36}},"29":{"start":{"line":54,"column":4},"end":{"line":54,"column":63}},"30":{"start":{"line":55,"column":4},"end":{"line":55,"column":70}},"31":{"start":{"line":57,"column":4},"end":{"line":61,"column":5}},"32":{"start":{"line":58,"column":6},"end":{"line":58,"column":62}},"33":{"start":{"line":59,"column":11},"end":{"line":61,"column":5}},"34":{"start":{"line":60,"column":6},"end":{"line":60,"column":62}},"35":{"start":{"line":62,"column":4},"end":{"line":62,"column":53}},"36":{"start":{"line":67,"column":31},"end":{"line":74,"column":1}},"37":{"start":{"line":68,"column":2},"end":{"line":73,"column":3}},"38":{"start":{"line":69,"column":21},"end":{"line":69,"column":94}},"39":{"start":{"line":70,"column":4},"end":{"line":70,"column":35}},"40":{"start":{"line":72,"column":4},"end":{"line":72,"column":53}}},"fnMap":{"0":{"name":"(anonymous_0)","decl":{"start":{"line":4,"column":27},"end":{"line":4,"column":28}},"loc":{"start":{"line":4,"column":47},"end":{"line":12,"column":1}},"line":4},"1":{"name":"(anonymous_1)","decl":{"start":{"line":15,"column":24},"end":{"line":15,"column":25}},"loc":{"start":{"line":15,"column":44},"end":{"line":22,"column":1}},"line":15},"2":{"name":"(anonymous_2)","decl":{"start":{"line":25,"column":23},"end":{"line":25,"column":24}},"loc":{"start":{"line":25,"column":43},"end":{"line":32,"column":1}},"line":25},"3":{"name":"(anonymous_3)","decl":{"start":{"line":35,"column":26},"end":{"line":35,"column":27}},"loc":{"start":{"line":35,"column":46},"end":{"line":48,"column":1}},"line":35},"4":{"name":"(anonymous_4)","decl":{"start":{"line":51,"column":29},"end":{"line":51,"column":30}},"loc":{"start":{"line":51,"column":49},"end":{"line":64,"column":1}},"line":51},"5":{"name":"(anonymous_5)","decl":{"start":{"line":67,"column":31},"end":{"line":67,"column":32}},"loc":{"start":{"line":67,"column":51},"end":{"line":74,"column":1}},"line":67}},"branchMap":{"0":{"loc":{"start":{"line":41,"column":4},"end":{"line":45,"column":5}},"type":"if","locations":[{"start":{"line":41,"column":4},"end":{"line":45,"column":5}},{"start":{"line":43,"column":11},"end":{"line":45,"column":5}}],"line":41},"1":{"loc":{"start":{"line":43,"column":11},"end":{"line":45,"column":5}},"type":"if","locations":[{"start":{"line":43,"column":11},"end":{"line":45,"column":5}},{"start":{},"end":{}}],"line":43},"2":{"loc":{"start":{"line":57,"column":4},"end":{"line":61,"column":5}},"type":"if","locations":[{"start":{"line":57,"column":4},"end":{"line":61,"column":5}},{"start":{"line":59,"column":11},"end":{"line":61,"column":5}}],"line":57},"3":{"loc":{"start":{"line":59,"column":11},"end":{"line":61,"column":5}},"type":"if","locations":[{"start":{"line":59,"column":11},"end":{"line":61,"column":5}},{"start":{},"end":{}}],"line":59}},"s":{"0":4,"1":0,"2":0,"3":0,"4":0,"5":0,"6":4,"7":0,"8":0,"9":0,"10":0,"11":4,"12":0,"13":0,"14":0,"15":0,"16":4,"17":0,"18":0,"19":0,"20":0,"21":0,"22":0,"23":0,"24":0,"25":0,"26":4,"27":0,"28":0,"29":0,"30":0,"31":0,"32":0,"33":0,"34":0,"35":0,"36":4,"37":0,"38":0,"39":0,"40":0},"f":{"0":0,"1":0,"2":0,"3":0,"4":0,"5":0},"b":{"0":[0,0],"1":[0,0],"2":[0,0],"3":[0,0]},"inputSourceMap":null,"_coverageSchema":"1a1c01bbd47fc00a2c39e90264f33305004495a9","hash":"a2c05affee4eda0b4221b55768ed60e87d0d4535"}
,"C:\\Users\\Leo\\Desktop\\project-2-leobzr\\alumni-app-backend\\src\\features\\messages\\messageRoutes.js": {"path":"C:\\Users\\Leo\\Desktop\\project-2-leobzr\\alumni-app-backend\\src\\features\\messages\\messageRoutes.js","statementMap":{"0":{"start":{"line":6,"column":15},"end":{"line":6,"column":31}},"1":{"start":{"line":9,"column":0},"end":{"line":9,"column":30}},"2":{"start":{"line":30,"column":0},"end":{"line":30,"column":48}},"3":{"start":{"line":40,"column":0},"end":{"line":40,"column":49}},"4":{"start":{"line":50,"column":0},"end":{"line":50,"column":47}},"5":{"start":{"line":60,"column":0},"end":{"line":60,"column":61}},"6":{"start":{"line":70,"column":0},"end":{"line":70,"column":62}},"7":{"start":{"line":80,"column":0},"end":{"line":80,"column":76}}},"fnMap":{},"branchMap":{},"s":{"0":4,"1":4,"2":4,"3":4,"4":4,"5":4,"6":4,"7":4},"f":{},"b":{},"inputSourceMap":null,"_coverageSchema":"1a1c01bbd47fc00a2c39e90264f33305004495a9","hash":"31187d937acc4bbb3cda20776e867ef1a3a2c025"}
,"C:\\Users\\Leo\\Desktop\\project-2-leobzr\\alumni-app-backend\\src\\features\\messages\\messageService.js": {"path":"C:\\Users\\Leo\\Desktop\\project-2-leobzr\\alumni-app-backend\\src\\features\\messages\\messageService.js","statementMap":{"0":{"start":{"line":13,"column":22},"end":{"line":13,"column":74}},"1":{"start":{"line":14,"column":4},"end":{"line":16,"column":5}},"2":{"start":{"line":15,"column":6},"end":{"line":15,"column":45}},"3":{"start":{"line":18,"column":20},"end":{"line":22,"column":6}},"4":{"start":{"line":24,"column":4},"end":{"line":24,"column":26}},"5":{"start":{"line":31,"column":4},"end":{"line":33,"column":31}},"6":{"start":{"line":40,"column":4},"end":{"line":42,"column":31}},"7":{"start":{"line":49,"column":20},"end":{"line":49,"column":53}},"8":{"start":{"line":51,"column":4},"end":{"line":53,"column":5}},"9":{"start":{"line":52,"column":6},"end":{"line":52,"column":43}},"10":{"start":{"line":56,"column":4},"end":{"line":58,"column":5}},"11":{"start":{"line":57,"column":6},"end":{"line":57,"column":40}},"12":{"start":{"line":60,"column":4},"end":{"line":60,"column":27}},"13":{"start":{"line":61,"column":4},"end":{"line":61,"column":26}},"14":{"start":{"line":68,"column":20},"end":{"line":68,"column":53}},"15":{"start":{"line":70,"column":4},"end":{"line":72,"column":5}},"16":{"start":{"line":71,"column":6},"end":{"line":71,"column":43}},"17":{"start":{"line":75,"column":4},"end":{"line":78,"column":5}},"18":{"start":{"line":77,"column":6},"end":{"line":77,"column":40}},"19":{"start":{"line":80,"column":4},"end":{"line":80,"column":31}},"20":{"start":{"line":87,"column":4},"end":{"line":95,"column":61}}},"fnMap":{"0":{"name":"(anonymous_0)","decl":{"start":{"line":11,"column":2},"end":{"line":11,"column":3}},"loc":{"start":{"line":11,"column":58},"end":{"line":25,"column":3}},"line":11},"1":{"name":"(anonymous_1)","decl":{"start":{"line":30,"column":2},"end":{"line":30,"column":3}},"loc":{"start":{"line":30,"column":25},"end":{"line":34,"column":3}},"line":30},"2":{"name":"(anonymous_2)","decl":{"start":{"line":39,"column":2},"end":{"line":39,"column":3}},"loc":{"start":{"line":39,"column":24},"end":{"line":43,"column":3}},"line":39},"3":{"name":"(anonymous_3)","decl":{"start":{"line":48,"column":2},"end":{"line":48,"column":3}},"loc":{"start":{"line":48,"column":38},"end":{"line":62,"column":3}},"line":48},"4":{"name":"(anonymous_4)","decl":{"start":{"line":67,"column":2},"end":{"line":67,"column":3}},"loc":{"start":{"line":67,"column":41},"end":{"line":81,"column":3}},"line":67},"5":{"name":"(anonymous_5)","decl":{"start":{"line":86,"column":2},"end":{"line":86,"column":3}},"loc":{"start":{"line":86,"column":45},"end":{"line":96,"column":3}},"line":86}},"branchMap":{"0":{"loc":{"start":{"line":14,"column":4},"end":{"line":16,"column":5}},"type":"if","locations":[{"start":{"line":14,"column":4},"end":{"line":16,"column":5}},{"start":{},"end":{}}],"line":14},"1":{"loc":{"start":{"line":51,"column":4},"end":{"line":53,"column":5}},"type":"if","locations":[{"start":{"line":51,"column":4},"end":{"line":53,"column":5}},{"start":{},"end":{}}],"line":51},"2":{"loc":{"start":{"line":56,"column":4},"end":{"line":58,"column":5}},"type":"if","locations":[{"start":{"line":56,"column":4},"end":{"line":58,"column":5}},{"start":{},"end":{}}],"line":56},"3":{"loc":{"start":{"line":70,"column":4},"end":{"line":72,"column":5}},"type":"if","locations":[{"start":{"line":70,"column":4},"end":{"line":72,"column":5}},{"start":{},"end":{}}],"line":70},"4":{"loc":{"start":{"line":75,"column":4},"end":{"line":78,"column":5}},"type":"if","locations":[{"start":{"line":75,"column":4},"end":{"line":78,"column":5}},{"start":{},"end":{}}],"line":75},"5":{"loc":{"start":{"line":75,"column":8},"end":{"line":76,"column":47}},"type":"binary-expr","locations":[{"start":{"line":75,"column":8},"end":{"line":75,"column":44}},{"start":{"line":76,"column":8},"end":{"line":76,"column":47}}],"line":75}},"s":{"0":2,"1":2,"2":1,"3":1,"4":1,"5":0,"6":0,"7":0,"8":0,"9":0,"10":0,"11":0,"12":0,"13":0,"14":0,"15":0,"16":0,"17":0,"18":0,"19":0,"20":0},"f":{"0":2,"1":0,"2":0,"3":0,"4":0,"5":0},"b":{"0":[1,1],"1":[0,0],"2":[0,0],"3":[0,0],"4":[0,0],"5":[0,0]},"inputSourceMap":null,"_coverageSchema":"1a1c01bbd47fc00a2c39e90264f33305004495a9","hash":"cfdeac1f94a0714f29e7e86cea43ef1474c80e70"}
,"C:\\Users\\Leo\\Desktop\\project-2-leobzr\\alumni-app-backend\\src\\features\\opportunities\\opportunity.js": {"path":"C:\\Users\\Leo\\Desktop\\project-2-leobzr\\alumni-app-backend\\src\\features\\opportunities\\opportunity.js","statementMap":{"0":{"start":{"line":3,"column":26},"end":{"line":42,"column":2}},"1":{"start":{"line":44,"column":27},"end":{"line":44,"column":75}}},"fnMap":{},"branchMap":{},"s":{"0":6,"1":6},"f":{},"b":{},"inputSourceMap":null,"_coverageSchema":"1a1c01bbd47fc00a2c39e90264f33305004495a9","hash":"5b3f5bdda99d369288c4a9ff2939e0c668cf70d4"}
,"C:\\Users\\Leo\\Desktop\\project-2-leobzr\\alumni-app-backend\\src\\features\\opportunities\\opportunityController.js": {"path":"C:\\Users\\Leo\\Desktop\\project-2-leobzr\\alumni-app-backend\\src\\features\\opportunities\\opportunityController.js","statementMap":{"0":{"start":{"line":4,"column":32},"end":{"line":14,"column":1}},"1":{"start":{"line":5,"column":2},"end":{"line":13,"column":3}},"2":{"start":{"line":6,"column":17},"end":{"line":6,"column":46}},"3":{"start":{"line":7,"column":18},"end":{"line":7,"column":49}},"4":{"start":{"line":9,"column":19},"end":{"line":9,"column":73}},"5":{"start":{"line":10,"column":4},"end":{"line":10,"column":33}},"6":{"start":{"line":12,"column":4},"end":{"line":12,"column":53}},"7":{"start":{"line":17,"column":34},"end":{"line":27,"column":1}},"8":{"start":{"line":18,"column":2},"end":{"line":26,"column":3}},"9":{"start":{"line":19,"column":24},"end":{"line":19,"column":82}},"10":{"start":{"line":20,"column":4},"end":{"line":22,"column":5}},"11":{"start":{"line":21,"column":6},"end":{"line":21,"column":72}},"12":{"start":{"line":23,"column":4},"end":{"line":23,"column":38}},"13":{"start":{"line":25,"column":4},"end":{"line":25,"column":53}},"14":{"start":{"line":30,"column":33},"end":{"line":37,"column":1}},"15":{"start":{"line":31,"column":2},"end":{"line":36,"column":3}},"16":{"start":{"line":32,"column":29},"end":{"line":32,"column":81}},"17":{"start":{"line":33,"column":4},"end":{"line":33,"column":43}},"18":{"start":{"line":35,"column":4},"end":{"line":35,"column":53}},"19":{"start":{"line":40,"column":33},"end":{"line":53,"column":1}},"20":{"start":{"line":41,"column":2},"end":{"line":52,"column":3}},"21":{"start":{"line":42,"column":31},"end":{"line":45,"column":5}},"22":{"start":{"line":46,"column":4},"end":{"line":48,"column":5}},"23":{"start":{"line":47,"column":6},"end":{"line":47,"column":72}},"24":{"start":{"line":49,"column":4},"end":{"line":49,"column":45}},"25":{"start":{"line":51,"column":4},"end":{"line":51,"column":53}},"26":{"start":{"line":56,"column":33},"end":{"line":66,"column":1}},"27":{"start":{"line":57,"column":2},"end":{"line":65,"column":3}},"28":{"start":{"line":58,"column":31},"end":{"line":58,"column":88}},"29":{"start":{"line":59,"column":4},"end":{"line":61,"column":5}},"30":{"start":{"line":60,"column":6},"end":{"line":60,"column":72}},"31":{"start":{"line":62,"column":4},"end":{"line":62,"column":74}},"32":{"start":{"line":64,"column":4},"end":{"line":64,"column":53}}},"fnMap":{"0":{"name":"(anonymous_0)","decl":{"start":{"line":4,"column":32},"end":{"line":4,"column":33}},"loc":{"start":{"line":4,"column":52},"end":{"line":14,"column":1}},"line":4},"1":{"name":"(anonymous_1)","decl":{"start":{"line":17,"column":34},"end":{"line":17,"column":35}},"loc":{"start":{"line":17,"column":54},"end":{"line":27,"column":1}},"line":17},"2":{"name":"(anonymous_2)","decl":{"start":{"line":30,"column":33},"end":{"line":30,"column":34}},"loc":{"start":{"line":30,"column":53},"end":{"line":37,"column":1}},"line":30},"3":{"name":"(anonymous_3)","decl":{"start":{"line":40,"column":33},"end":{"line":40,"column":34}},"loc":{"start":{"line":40,"column":53},"end":{"line":53,"column":1}},"line":40},"4":{"name":"(anonymous_4)","decl":{"start":{"line":56,"column":33},"end":{"line":56,"column":34}},"loc":{"start":{"line":56,"column":53},"end":{"line":66,"column":1}},"line":56}},"branchMap":{"0":{"loc":{"start":{"line":6,"column":17},"end":{"line":6,"column":46}},"type":"binary-expr","locations":[{"start":{"line":6,"column":17},"end":{"line":6,"column":41}},{"start":{"line":6,"column":45},"end":{"line":6,"column":46}}],"line":6},"1":{"loc":{"start":{"line":7,"column":18},"end":{"line":7,"column":49}},"type":"binary-expr","locations":[{"start":{"line":7,"column":18},"end":{"line":7,"column":43}},{"start":{"line":7,"column":47},"end":{"line":7,"column":49}}],"line":7},"2":{"loc":{"start":{"line":20,"column":4},"end":{"line":22,"column":5}},"type":"if","locations":[{"start":{"line":20,"column":4},"end":{"line":22,"column":5}},{"start":{},"end":{}}],"line":20},"3":{"loc":{"start":{"line":46,"column":4},"end":{"line":48,"column":5}},"type":"if","locations":[{"start":{"line":46,"column":4},"end":{"line":48,"column":5}},{"start":{},"end":{}}],"line":46},"4":{"loc":{"start":{"line":59,"column":4},"end":{"line":61,"column":5}},"type":"if","locations":[{"start":{"line":59,"column":4},"end":{"line":61,"column":5}},{"start":{},"end":{}}],"line":59}},"s":{"0":4,"1":2,"2":2,"3":2,"4":2,"5":2,"6":0,"7":4,"8":0,"9":0,"10":0,"11":0,"12":0,"13":0,"14":4,"15":2,"16":2,"17":2,"18":0,"19":4,"20":1,"21":1,"22":1,"23":0,"24":1,"25":0,"26":4,"27":1,"28":1,"29":1,"30":0,"31":1,"32":0},"f":{"0":2,"1":0,"2":2,"3":1,"4":1},"b":{"0":[2,2],"1":[2,2],"2":[0,0],"3":[0,1],"4":[0,1]},"inputSourceMap":null,"_coverageSchema":"1a1c01bbd47fc00a2c39e90264f33305004495a9","hash":"8498581abce7f32fe2eb71a943ffa18cff7ec54a"}
,"C:\\Users\\Leo\\Desktop\\project-2-leobzr\\alumni-app-backend\\src\\features\\opportunities\\opportunityRoutes.js": {"path":"C:\\Users\\Leo\\Desktop\\project-2-leobzr\\alumni-app-backend\\src\\features\\opportunities\\opportunityRoutes.js","statementMap":{"0":{"start":{"line":4,"column":15},"end":{"line":4,"column":31}},"1":{"start":{"line":26,"column":0},"end":{"line":26,"column":56}},"2":{"start":{"line":45,"column":0},"end":{"line":45,"column":61}},"3":{"start":{"line":62,"column":0},"end":{"line":62,"column":58}},"4":{"start":{"line":85,"column":0},"end":{"line":85,"column":60}},"5":{"start":{"line":102,"column":0},"end":{"line":102,"column":63}}},"fnMap":{},"branchMap":{},"s":{"0":4,"1":4,"2":4,"3":4,"4":4,"5":4},"f":{},"b":{},"inputSourceMap":null,"_coverageSchema":"1a1c01bbd47fc00a2c39e90264f33305004495a9","hash":"9f9a1c3a96cb140ffd0d301d373e966c003e6b07"}
,"C:\\Users\\Leo\\Desktop\\project-2-leobzr\\alumni-app-backend\\src\\features\\opportunities\\opportunityService.js": {"path":"C:\\Users\\Leo\\Desktop\\project-2-leobzr\\alumni-app-backend\\src\\features\\opportunities\\opportunityService.js","statementMap":{"0":{"start":{"line":11,"column":17},"end":{"line":11,"column":35}},"1":{"start":{"line":12,"column":26},"end":{"line":14,"column":19}},"2":{"start":{"line":15,"column":18},"end":{"line":15,"column":70}},"3":{"start":{"line":17,"column":4},"end":{"line":17,"column":49}},"4":{"start":{"line":24,"column":4},"end":{"line":24,"column":36}},"5":{"start":{"line":31,"column":27},"end":{"line":35,"column":6}},"6":{"start":{"line":36,"column":4},"end":{"line":36,"column":33}},"7":{"start":{"line":43,"column":4},"end":{"line":47,"column":6}},"8":{"start":{"line":54,"column":4},"end":{"line":54,"column":45}}},"fnMap":{"0":{"name":"(anonymous_0)","decl":{"start":{"line":10,"column":2},"end":{"line":10,"column":3}},"loc":{"start":{"line":10,"column":47},"end":{"line":18,"column":3}},"line":10},"1":{"name":"(anonymous_1)","decl":{"start":{"line":23,"column":2},"end":{"line":23,"column":3}},"loc":{"start":{"line":23,"column":31},"end":{"line":25,"column":3}},"line":23},"2":{"name":"(anonymous_2)","decl":{"start":{"line":30,"column":2},"end":{"line":30,"column":3}},"loc":{"start":{"line":30,"column":32},"end":{"line":37,"column":3}},"line":30},"3":{"name":"(anonymous_3)","decl":{"start":{"line":42,"column":2},"end":{"line":42,"column":3}},"loc":{"start":{"line":42,"column":36},"end":{"line":48,"column":3}},"line":42},"4":{"name":"(anonymous_4)","decl":{"start":{"line":53,"column":2},"end":{"line":53,"column":3}},"loc":{"start":{"line":53,"column":30},"end":{"line":55,"column":3}},"line":53}},"branchMap":{"0":{"loc":{"start":{"line":10,"column":25},"end":{"line":10,"column":33}},"type":"default-arg","locations":[{"start":{"line":10,"column":32},"end":{"line":10,"column":33}}],"line":10},"1":{"loc":{"start":{"line":10,"column":35},"end":{"line":10,"column":45}},"type":"default-arg","locations":[{"start":{"line":10,"column":43},"end":{"line":10,"column":45}}],"line":10}},"s":{"0":3,"1":3,"2":3,"3":3,"4":0,"5":3,"6":3,"7":1,"8":1},"f":{"0":3,"1":0,"2":3,"3":1,"4":1},"b":{"0":[0],"1":[0]},"inputSourceMap":null,"_coverageSchema":"1a1c01bbd47fc00a2c39e90264f33305004495a9","hash":"2a05352da093bd25c8f7c66c9a6add0fc8c95415"}
,"C:\\Users\\Leo\\Desktop\\project-2-leobzr\\alumni-app-backend\\src\\features\\users\\user.js": {"path":"C:\\Users\\Leo\\Desktop\\project-2-leobzr\\alumni-app-backend\\src\\features\\users\\user.js","statementMap":{"0":{"start":{"line":4,"column":19},"end":{"line":59,"column":2}},"1":{"start":{"line":61,"column":0},"end":{"line":70,"column":3}},"2":{"start":{"line":62,"column":4},"end":{"line":62,"column":52}},"3":{"start":{"line":62,"column":38},"end":{"line":62,"column":52}},"4":{"start":{"line":63,"column":4},"end":{"line":69,"column":5}},"5":{"start":{"line":64,"column":21},"end":{"line":64,"column":45}},"6":{"start":{"line":65,"column":8},"end":{"line":65,"column":63}},"7":{"start":{"line":66,"column":8},"end":{"line":66,"column":15}},"8":{"start":{"line":68,"column":8},"end":{"line":68,"column":20}},"9":{"start":{"line":72,"column":0},"end":{"line":74,"column":2}},"10":{"start":{"line":73,"column":4},"end":{"line":73,"column":57}},"11":{"start":{"line":77,"column":20},"end":{"line":77,"column":54}}},"fnMap":{"0":{"name":"(anonymous_0)","decl":{"start":{"line":61,"column":23},"end":{"line":61,"column":24}},"loc":{"start":{"line":61,"column":44},"end":{"line":70,"column":1}},"line":61},"1":{"name":"(anonymous_1)","decl":{"start":{"line":72,"column":37},"end":{"line":72,"column":38}},"loc":{"start":{"line":72,"column":62},"end":{"line":74,"column":1}},"line":72}},"branchMap":{"0":{"loc":{"start":{"line":62,"column":4},"end":{"line":62,"column":52}},"type":"if","locations":[{"start":{"line":62,"column":4},"end":{"line":62,"column":52}},{"start":{},"end":{}}],"line":62}},"s":{"0":8,"1":8,"2":0,"3":0,"4":0,"5":0,"6":0,"7":0,"8":0,"9":8,"10":0,"11":8},"f":{"0":0,"1":0},"b":{"0":[0,0]},"inputSourceMap":null,"_coverageSchema":"1a1c01bbd47fc00a2c39e90264f33305004495a9","hash":"6644b8e8a91e4c5281ace635cbf570d56e52c44b"}
,"C:\\Users\\Leo\\Desktop\\project-2-leobzr\\alumni-app-backend\\src\\features\\users\\userController.js": {"path":"C:\\Users\\Leo\\Desktop\\project-2-leobzr\\alumni-app-backend\\src\\features\\users\\userController.js","statementMap":{"0":{"start":{"line":4,"column":24},"end":{"line":14,"column":1}},"1":{"start":{"line":5,"column":2},"end":{"line":13,"column":3}},"2":{"start":{"line":6,"column":17},"end":{"line":6,"column":46}},"3":{"start":{"line":7,"column":18},"end":{"line":7,"column":49}},"4":{"start":{"line":9,"column":19},"end":{"line":9,"column":58}},"5":{"start":{"line":10,"column":4},"end":{"line":10,"column":33}},"6":{"start":{"line":12,"column":4},"end":{"line":12,"column":53}},"7":{"start":{"line":17,"column":33},"end":{"line":27,"column":1}},"8":{"start":{"line":18,"column":2},"end":{"line":26,"column":3}},"9":{"start":{"line":19,"column":17},"end":{"line":19,"column":73}},"10":{"start":{"line":20,"column":4},"end":{"line":22,"column":5}},"11":{"start":{"line":21,"column":6},"end":{"line":21,"column":65}},"12":{"start":{"line":23,"column":4},"end":{"line":23,"column":31}},"13":{"start":{"line":25,"column":4},"end":{"line":25,"column":53}},"14":{"start":{"line":30,"column":26},"end":{"line":37,"column":1}},"15":{"start":{"line":31,"column":2},"end":{"line":36,"column":3}},"16":{"start":{"line":32,"column":22},"end":{"line":32,"column":60}},"17":{"start":{"line":33,"column":4},"end":{"line":33,"column":36}},"18":{"start":{"line":35,"column":4},"end":{"line":35,"column":53}},"19":{"start":{"line":40,"column":26},"end":{"line":50,"column":1}},"20":{"start":{"line":41,"column":2},"end":{"line":49,"column":3}},"21":{"start":{"line":42,"column":24},"end":{"line":42,"column":83}},"22":{"start":{"line":43,"column":4},"end":{"line":45,"column":5}},"23":{"start":{"line":44,"column":6},"end":{"line":44,"column":65}},"24":{"start":{"line":46,"column":4},"end":{"line":46,"column":38}},"25":{"start":{"line":48,"column":4},"end":{"line":48,"column":53}},"26":{"start":{"line":53,"column":26},"end":{"line":63,"column":1}},"27":{"start":{"line":54,"column":2},"end":{"line":62,"column":3}},"28":{"start":{"line":55,"column":24},"end":{"line":55,"column":73}},"29":{"start":{"line":56,"column":4},"end":{"line":58,"column":5}},"30":{"start":{"line":57,"column":6},"end":{"line":57,"column":65}},"31":{"start":{"line":59,"column":4},"end":{"line":59,"column":67}},"32":{"start":{"line":61,"column":4},"end":{"line":61,"column":53}},"33":{"start":{"line":66,"column":26},"end":{"line":76,"column":1}},"34":{"start":{"line":67,"column":2},"end":{"line":75,"column":3}},"35":{"start":{"line":68,"column":17},"end":{"line":68,"column":58}},"36":{"start":{"line":69,"column":4},"end":{"line":71,"column":5}},"37":{"start":{"line":70,"column":6},"end":{"line":70,"column":65}},"38":{"start":{"line":72,"column":4},"end":{"line":72,"column":31}},"39":{"start":{"line":74,"column":4},"end":{"line":74,"column":53}}},"fnMap":{"0":{"name":"(anonymous_0)","decl":{"start":{"line":4,"column":24},"end":{"line":4,"column":25}},"loc":{"start":{"line":4,"column":44},"end":{"line":14,"column":1}},"line":4},"1":{"name":"(anonymous_1)","decl":{"start":{"line":17,"column":33},"end":{"line":17,"column":34}},"loc":{"start":{"line":17,"column":53},"end":{"line":27,"column":1}},"line":17},"2":{"name":"(anonymous_2)","decl":{"start":{"line":30,"column":26},"end":{"line":30,"column":27}},"loc":{"start":{"line":30,"column":46},"end":{"line":37,"column":1}},"line":30},"3":{"name":"(anonymous_3)","decl":{"start":{"line":40,"column":26},"end":{"line":40,"column":27}},"loc":{"start":{"line":40,"column":46},"end":{"line":50,"column":1}},"line":40},"4":{"name":"(anonymous_4)","decl":{"start":{"line":53,"column":26},"end":{"line":53,"column":27}},"loc":{"start":{"line":53,"column":46},"end":{"line":63,"column":1}},"line":53},"5":{"name":"(anonymous_5)","decl":{"start":{"line":66,"column":26},"end":{"line":66,"column":27}},"loc":{"start":{"line":66,"column":46},"end":{"line":76,"column":1}},"line":66}},"branchMap":{"0":{"loc":{"start":{"line":6,"column":17},"end":{"line":6,"column":46}},"type":"binary-expr","locations":[{"start":{"line":6,"column":17},"end":{"line":6,"column":41}},{"start":{"line":6,"column":45},"end":{"line":6,"column":46}}],"line":6},"1":{"loc":{"start":{"line":7,"column":18},"end":{"line":7,"column":49}},"type":"binary-expr","locations":[{"start":{"line":7,"column":18},"end":{"line":7,"column":43}},{"start":{"line":7,"column":47},"end":{"line":7,"column":49}}],"line":7},"2":{"loc":{"start":{"line":20,"column":4},"end":{"line":22,"column":5}},"type":"if","locations":[{"start":{"line":20,"column":4},"end":{"line":22,"column":5}},{"start":{},"end":{}}],"line":20},"3":{"loc":{"start":{"line":43,"column":4},"end":{"line":45,"column":5}},"type":"if","locations":[{"start":{"line":43,"column":4},"end":{"line":45,"column":5}},{"start":{},"end":{}}],"line":43},"4":{"loc":{"start":{"line":56,"column":4},"end":{"line":58,"column":5}},"type":"if","locations":[{"start":{"line":56,"column":4},"end":{"line":58,"column":5}},{"start":{},"end":{}}],"line":56},"5":{"loc":{"start":{"line":69,"column":4},"end":{"line":71,"column":5}},"type":"if","locations":[{"start":{"line":69,"column":4},"end":{"line":71,"column":5}},{"start":{},"end":{}}],"line":69}},"s":{"0":4,"1":0,"2":0,"3":0,"4":0,"5":0,"6":0,"7":4,"8":0,"9":0,"10":0,"11":0,"12":0,"13":0,"14":4,"15":0,"16":0,"17":0,"18":0,"19":4,"20":0,"21":0,"22":0,"23":0,"24":0,"25":0,"26":4,"27":0,"28":0,"29":0,"30":0,"31":0,"32":0,"33":4,"34":0,"35":0,"36":0,"37":0,"38":0,"39":0},"f":{"0":0,"1":0,"2":0,"3":0,"4":0,"5":0},"b":{"0":[0,0],"1":[0,0],"2":[0,0],"3":[0,0],"4":[0,0],"5":[0,0]},"inputSourceMap":null,"_coverageSchema":"1a1c01bbd47fc00a2c39e90264f33305004495a9","hash":"70494d48e4ff150ce1f775c42be6cbc0c3ef11f0"}
,"C:\\Users\\Leo\\Desktop\\project-2-leobzr\\alumni-app-backend\\src\\features\\users\\userRoutes.js": {"path":"C:\\Users\\Leo\\Desktop\\project-2-leobzr\\alumni-app-backend\\src\\features\\users\\userRoutes.js","statementMap":{"0":{"start":{"line":5,"column":15},"end":{"line":5,"column":31}},"1":{"start":{"line":27,"column":0},"end":{"line":27,"column":41}},"2":{"start":{"line":42,"column":0},"end":{"line":42,"column":69}},"3":{"start":{"line":61,"column":0},"end":{"line":61,"column":59}},"4":{"start":{"line":97,"column":0},"end":{"line":97,"column":44}},"5":{"start":{"line":120,"column":0},"end":{"line":120,"column":52}},"6":{"start":{"line":137,"column":0},"end":{"line":137,"column":55}}},"fnMap":{},"branchMap":{},"s":{"0":4,"1":4,"2":4,"3":4,"4":4,"5":4,"6":4},"f":{},"b":{},"inputSourceMap":null,"_coverageSchema":"1a1c01bbd47fc00a2c39e90264f33305004495a9","hash":"6308e90d11d7bf7f3d142de79ea3b6a4352e597a"}
,"C:\\Users\\Leo\\Desktop\\project-2-leobzr\\alumni-app-backend\\src\\features\\users\\userService.js": {"path":"C:\\Users\\Leo\\Desktop\\project-2-leobzr\\alumni-app-backend\\src\\features\\users\\userService.js","statementMap":{"0":{"start":{"line":11,"column":17},"end":{"line":11,"column":35}},"1":{"start":{"line":12,"column":18},"end":{"line":15,"column":19}},"2":{"start":{"line":16,"column":18},"end":{"line":16,"column":45}},"3":{"start":{"line":18,"column":4},"end":{"line":18,"column":41}},"4":{"start":{"line":25,"column":4},"end":{"line":26,"column":43}},"5":{"start":{"line":33,"column":4},"end":{"line":34,"column":43}},"6":{"start":{"line":41,"column":20},"end":{"line":41,"column":38}},"7":{"start":{"line":42,"column":4},"end":{"line":42,"column":26}},"8":{"start":{"line":49,"column":4},"end":{"line":53,"column":42}},"9":{"start":{"line":60,"column":4},"end":{"line":60,"column":58}},"10":{"start":{"line":67,"column":4},"end":{"line":67,"column":36}}},"fnMap":{"0":{"name":"(anonymous_0)","decl":{"start":{"line":10,"column":2},"end":{"line":10,"column":3}},"loc":{"start":{"line":10,"column":39},"end":{"line":19,"column":3}},"line":10},"1":{"name":"(anonymous_1)","decl":{"start":{"line":24,"column":2},"end":{"line":24,"column":3}},"loc":{"start":{"line":24,"column":36},"end":{"line":27,"column":3}},"line":24},"2":{"name":"(anonymous_2)","decl":{"start":{"line":32,"column":2},"end":{"line":32,"column":3}},"loc":{"start":{"line":32,"column":28},"end":{"line":35,"column":3}},"line":32},"3":{"name":"(anonymous_3)","decl":{"start":{"line":40,"column":2},"end":{"line":40,"column":3}},"loc":{"start":{"line":40,"column":29},"end":{"line":43,"column":3}},"line":40},"4":{"name":"(anonymous_4)","decl":{"start":{"line":48,"column":2},"end":{"line":48,"column":3}},"loc":{"start":{"line":48,"column":39},"end":{"line":54,"column":3}},"line":48},"5":{"name":"(anonymous_5)","decl":{"start":{"line":59,"column":2},"end":{"line":59,"column":3}},"loc":{"start":{"line":59,"column":29},"end":{"line":61,"column":3}},"line":59},"6":{"name":"(anonymous_6)","decl":{"start":{"line":66,"column":2},"end":{"line":66,"column":3}},"loc":{"start":{"line":66,"column":27},"end":{"line":68,"column":3}},"line":66}},"branchMap":{"0":{"loc":{"start":{"line":10,"column":17},"end":{"line":10,"column":25}},"type":"default-arg","locations":[{"start":{"line":10,"column":24},"end":{"line":10,"column":25}}],"line":10},"1":{"loc":{"start":{"line":10,"column":27},"end":{"line":10,"column":37}},"type":"default-arg","locations":[{"start":{"line":10,"column":35},"end":{"line":10,"column":37}}],"line":10}},"s":{"0":1,"1":1,"2":1,"3":1,"4":1,"5":0,"6":0,"7":0,"8":0,"9":0,"10":0},"f":{"0":1,"1":1,"2":0,"3":0,"4":0,"5":0,"6":0},"b":{"0":[0],"1":[0]},"inputSourceMap":null,"_coverageSchema":"1a1c01bbd47fc00a2c39e90264f33305004495a9","hash":"5defdd452eda326a1477ec2fd270d23874bba279"}
,"C:\\Users\\Leo\\Desktop\\project-2-leobzr\\alumni-app-backend\\src\\middleware\\authMiddleware.js": {"path":"C:\\Users\\Leo\\Desktop\\project-2-leobzr\\alumni-app-backend\\src\\middleware\\authMiddleware.js","statementMap":{"0":{"start":{"line":3,"column":26},"end":{"line":21,"column":1}},"1":{"start":{"line":4,"column":23},"end":{"line":4,"column":51}},"2":{"start":{"line":7,"column":18},"end":{"line":7,"column":56}},"3":{"start":{"line":9,"column":4},"end":{"line":11,"column":5}},"4":{"start":{"line":10,"column":8},"end":{"line":10,"column":85}},"5":{"start":{"line":13,"column":4},"end":{"line":20,"column":5}},"6":{"start":{"line":14,"column":25},"end":{"line":14,"column":75}},"7":{"start":{"line":15,"column":8},"end":{"line":15,"column":28}},"8":{"start":{"line":16,"column":8},"end":{"line":16,"column":15}},"9":{"start":{"line":18,"column":8},"end":{"line":18,"column":65}},"10":{"start":{"line":19,"column":8},"end":{"line":19,"column":60}},"11":{"start":{"line":23,"column":18},"end":{"line":28,"column":1}},"12":{"start":{"line":24,"column":4},"end":{"line":26,"column":5}},"13":{"start":{"line":25,"column":8},"end":{"line":25,"column":82}},"14":{"start":{"line":27,"column":4},"end":{"line":27,"column":11}}},"fnMap":{"0":{"name":"(anonymous_0)","decl":{"start":{"line":3,"column":26},"end":{"line":3,"column":27}},"loc":{"start":{"line":3,"column":46},"end":{"line":21,"column":1}},"line":3},"1":{"name":"(anonymous_1)","decl":{"start":{"line":23,"column":18},"end":{"line":23,"column":19}},"loc":{"start":{"line":23,"column":38},"end":{"line":28,"column":1}},"line":23}},"branchMap":{"0":{"loc":{"start":{"line":7,"column":18},"end":{"line":7,"column":56}},"type":"binary-expr","locations":[{"start":{"line":7,"column":18},"end":{"line":7,"column":28}},{"start":{"line":7,"column":32},"end":{"line":7,"column":56}}],"line":7},"1":{"loc":{"start":{"line":9,"column":4},"end":{"line":11,"column":5}},"type":"if","locations":[{"start":{"line":9,"column":4},"end":{"line":11,"column":5}},{"start":{},"end":{}}],"line":9},"2":{"loc":{"start":{"line":24,"column":4},"end":{"line":26,"column":5}},"type":"if","locations":[{"start":{"line":24,"column":4},"end":{"line":26,"column":5}},{"start":{},"end":{}}],"line":24},"3":{"loc":{"start":{"line":24,"column":8},"end":{"line":24,"column":46}},"type":"binary-expr","locations":[{"start":{"line":24,"column":8},"end":{"line":24,"column":17}},{"start":{"line":24,"column":21},"end":{"line":24,"column":46}}],"line":24}},"s":{"0":4,"1":2,"2":2,"3":2,"4":2,"5":0,"6":0,"7":0,"8":0,"9":0,"10":0,"11":4,"12":0,"13":0,"14":0},"f":{"0":2,"1":0},"b":{"0":[2,0],"1":[2,0],"2":[0,0],"3":[0,0]},"inputSourceMap":null,"_coverageSchema":"1a1c01bbd47fc00a2c39e90264f33305004495a9","hash":"50bd529826436e2a2c9c102cfa4e4034ae0cc3cc"}
,"C:\\Users\\Leo\\Desktop\\project-2-leobzr\\alumni-app-backend\\src\\middleware\\errorHandler.js": {"path":"C:\\Users\\Leo\\Desktop\\project-2-leobzr\\alumni-app-backend\\src\\middleware\\errorHandler.js","statementMap":{"0":{"start":{"line":1,"column":21},"end":{"line":7,"column":1}},"1":{"start":{"line":2,"column":23},"end":{"line":2,"column":60}},"2":{"start":{"line":3,"column":4},"end":{"line":6,"column":7}}},"fnMap":{"0":{"name":"(anonymous_0)","decl":{"start":{"line":1,"column":21},"end":{"line":1,"column":22}},"loc":{"start":{"line":1,"column":46},"end":{"line":7,"column":1}},"line":1}},"branchMap":{"0":{"loc":{"start":{"line":2,"column":23},"end":{"line":2,"column":60}},"type":"cond-expr","locations":[{"start":{"line":2,"column":40},"end":{"line":2,"column":54}},{"start":{"line":2,"column":57},"end":{"line":2,"column":60}}],"line":2},"1":{"loc":{"start":{"line":5,"column":15},"end":{"line":5,"column":71}},"type":"cond-expr","locations":[{"start":{"line":5,"column":55},"end":{"line":5,"column":59}},{"start":{"line":5,"column":62},"end":{"line":5,"column":71}}],"line":5}},"s":{"0":4,"1":0,"2":0},"f":{"0":0},"b":{"0":[0,0],"1":[0,0]},"inputSourceMap":null,"_coverageSchema":"1a1c01bbd47fc00a2c39e90264f33305004495a9","hash":"432bc3f3e26ee531ddd0ce7194c584ee39547036"}
,"C:\\Users\\Leo\\Desktop\\project-2-leobzr\\alumni-app-backend\\src\\tests\\test-helpers.js": {"path":"C:\\Users\\Leo\\Desktop\\project-2-leobzr\\alumni-app-backend\\src\\tests\\test-helpers.js","statementMap":{"0":{"start":{"line":3,"column":36},"end":{"line":7,"column":1}},"1":{"start":{"line":5,"column":2},"end":{"line":5,"column":52}},"2":{"start":{"line":6,"column":2},"end":{"line":6,"column":9}}},"fnMap":{"0":{"name":"(anonymous_0)","decl":{"start":{"line":3,"column":36},"end":{"line":3,"column":37}},"loc":{"start":{"line":3,"column":56},"end":{"line":7,"column":1}},"line":3}},"branchMap":{},"s":{"0":1,"1":0,"2":0},"f":{"0":0},"b":{},"inputSourceMap":null,"_coverageSchema":"1a1c01bbd47fc00a2c39e90264f33305004495a9","hash":"6768d3bf9c36edb53943af8134ad6b6be02b74ad"}
,"C:\\Users\\Leo\\Desktop\\project-2-leobzr\\alumni-app-backend\\src\\tests\\test-setup.js": {"path":"C:\\Users\\Leo\\Desktop\\project-2-leobzr\\alumni-app-backend\\src\\tests\\test-setup.js","statementMap":{"0":{"start":{"line":6,"column":23},"end":{"line":12,"column":1}},"1":{"start":{"line":7,"column":2},"end":{"line":7,"column":49}},"2":{"start":{"line":8,"column":14},"end":{"line":8,"column":34}},"3":{"start":{"line":10,"column":2},"end":{"line":10,"column":30}},"4":{"start":{"line":11,"column":2},"end":{"line":11,"column":48}},"5":{"start":{"line":14,"column":26},"end":{"line":18,"column":1}},"6":{"start":{"line":15,"column":2},"end":{"line":15,"column":30}},"7":{"start":{"line":16,"column":2},"end":{"line":16,"column":27}},"8":{"start":{"line":17,"column":2},"end":{"line":17,"column":53}},"9":{"start":{"line":20,"column":23},"end":{"line":28,"column":1}},"10":{"start":{"line":21,"column":22},"end":{"line":21,"column":53}},"11":{"start":{"line":23,"column":2},"end":{"line":26,"column":3}},"12":{"start":{"line":24,"column":23},"end":{"line":24,"column":39}},"13":{"start":{"line":25,"column":4},"end":{"line":25,"column":36}},"14":{"start":{"line":27,"column":2},"end":{"line":27,"column":41}}},"fnMap":{"0":{"name":"(anonymous_0)","decl":{"start":{"line":6,"column":23},"end":{"line":6,"column":24}},"loc":{"start":{"line":6,"column":35},"end":{"line":12,"column":1}},"line":6},"1":{"name":"(anonymous_1)","decl":{"start":{"line":14,"column":26},"end":{"line":14,"column":27}},"loc":{"start":{"line":14,"column":38},"end":{"line":18,"column":1}},"line":14},"2":{"name":"(anonymous_2)","decl":{"start":{"line":20,"column":23},"end":{"line":20,"column":24}},"loc":{"start":{"line":20,"column":35},"end":{"line":28,"column":1}},"line":20}},"branchMap":{},"s":{"0":4,"1":4,"2":4,"3":4,"4":4,"5":4,"6":4,"7":4,"8":4,"9":4,"10":12,"11":12,"12":48,"13":48,"14":12},"f":{"0":4,"1":4,"2":12},"b":{},"inputSourceMap":null,"_coverageSchema":"1a1c01bbd47fc00a2c39e90264f33305004495a9","hash":"8e96d615830705073adb526ba38e3696ed5ecc54"}
}
