TN:
SF:src\app.js
FN:45,(anonymous_0)
FNF:1
FNH:0
FNDA:0,(anonymous_0)
DA:20,4
DA:23,4
DA:30,4
DA:31,4
DA:34,4
DA:35,4
DA:36,4
DA:37,4
DA:38,4
DA:39,4
DA:42,4
DA:45,4
DA:46,0
DA:49,4
LF:14
LH:13
BRF:0
BRH:0
end_of_record
TN:
SF:src\config\swagger.js
FNF:0
FNH:0
DA:3,4
DA:21,4
LF:2
LH:2
BRF:0
BRH:0
end_of_record
TN:
SF:src\features\admin\adminController.js
FN:6,(anonymous_0)
FN:16,(anonymous_1)
FN:34,(anonymous_2)
FN:44,(anonymous_3)
FNF:4
FNH:0
FNDA:0,(anonymous_0)
FNDA:0,(anonymous_1)
FNDA:0,(anonymous_2)
FNDA:0,(anonymous_3)
DA:6,4
DA:7,0
DA:8,0
DA:9,0
DA:11,0
DA:16,4
DA:17,0
DA:18,0
DA:20,0
DA:22,0
DA:23,0
DA:26,0
DA:27,0
DA:29,0
DA:34,4
DA:35,0
DA:36,0
DA:37,0
DA:39,0
DA:44,4
DA:45,0
DA:46,0
DA:48,0
DA:54,0
DA:55,0
DA:58,0
DA:59,0
DA:61,0
LF:28
LH:4
BRDA:22,0,0,0
BRDA:22,0,1,0
BRDA:26,1,0,0
BRDA:26,1,1,0
BRDA:54,2,0,0
BRDA:54,2,1,0
BRDA:58,3,0,0
BRDA:58,3,1,0
BRF:8
BRH:0
end_of_record
TN:
SF:src\features\admin\adminRoutes.js
FNF:0
FNH:0
DA:5,4
DA:8,4
DA:9,4
DA:19,4
DA:29,4
DA:39,4
DA:49,4
LF:7
LH:7
BRF:0
BRH:0
end_of_record
TN:
SF:src\features\admin\adminService.js
FN:11,(anonymous_0)
FN:19,(anonymous_1)
FN:34,(anonymous_2)
FN:44,(anonymous_3)
FNF:4
FNH:3
FNDA:2,(anonymous_0)
FNDA:4,(anonymous_1)
FNDA:2,(anonymous_2)
FNDA:0,(anonymous_3)
DA:12,2
DA:20,4
DA:21,2
DA:27,2
DA:35,2
DA:45,0
DA:46,0
DA:57,0
LF:8
LH:5
BRDA:20,0,0,2
BRDA:20,0,1,2
BRDA:45,1,0,0
BRDA:45,1,1,0
BRF:4
BRH:2
end_of_record
TN:
SF:src\features\auth\authController.js
FN:12,(anonymous_0)
FN:16,(anonymous_1)
FN:21,(anonymous_2)
FN:31,(anonymous_3)
FN:51,(anonymous_4)
FN:62,(anonymous_5)
FN:73,(anonymous_6)
FNF:7
FNH:0
FNDA:0,(anonymous_0)
FNDA:0,(anonymous_1)
FNDA:0,(anonymous_2)
FNDA:0,(anonymous_3)
FNDA:0,(anonymous_4)
FNDA:0,(anonymous_5)
FNDA:0,(anonymous_6)
DA:6,4
DA:7,4
DA:8,4
DA:9,4
DA:12,4
DA:13,0
DA:16,4
DA:17,0
DA:21,4
DA:22,0
DA:23,0
DA:24,0
DA:26,0
DA:31,4
DA:32,0
DA:33,0
DA:34,0
DA:37,0
DA:44,0
DA:46,0
DA:51,4
DA:52,0
DA:53,0
DA:54,0
DA:55,0
DA:57,0
DA:62,4
DA:63,0
DA:65,0
DA:66,0
DA:68,0
DA:73,4
DA:74,0
DA:75,0
DA:77,0
DA:78,0
DA:81,0
DA:83,0
LF:38
LH:11
BRDA:6,0,0,4
BRDA:6,0,1,4
BRDA:7,1,0,4
BRDA:7,1,1,4
BRDA:77,2,0,0
BRDA:77,2,1,0
BRF:6
BRH:4
end_of_record
TN:
SF:src\features\auth\authRoutes.js
FNF:0
FNH:0
DA:5,4
DA:41,4
DA:63,4
DA:74,4
DA:85,4
DA:99,4
LF:6
LH:6
BRF:0
BRH:0
end_of_record
TN:
SF:src\features\auth\authService.js
FN:8,(anonymous_0)
FN:18,(anonymous_1)
FN:25,(anonymous_2)
FN:32,(anonymous_3)
FN:54,(anonymous_4)
FN:90,(anonymous_5)
FN:118,(anonymous_6)
FNF:7
FNH:2
FNDA:5,(anonymous_0)
FNDA:0,(anonymous_1)
FNDA:0,(anonymous_2)
FNDA:0,(anonymous_3)
FNDA:1,(anonymous_4)
FNDA:0,(anonymous_5)
FNDA:0,(anonymous_6)
DA:9,5
DA:10,5
DA:11,5
DA:12,5
DA:19,0
DA:26,0
DA:34,0
DA:38,0
DA:39,0
DA:43,0
DA:48,0
DA:56,1
DA:57,1
DA:58,1
DA:62,0
DA:63,0
DA:67,0
DA:68,0
DA:69,0
DA:73,0
DA:81,0
DA:82,0
DA:84,0
DA:91,0
DA:92,0
DA:95,0
DA:97,0
DA:100,0
DA:108,0
DA:109,0
DA:111,0
DA:119,0
LF:32
LH:7
BRDA:9,0,0,5
BRDA:9,0,1,5
BRDA:10,1,0,5
BRDA:10,1,1,5
BRDA:38,2,0,0
BRDA:38,2,1,0
BRDA:57,3,0,1
BRDA:57,3,1,0
BRDA:62,4,0,0
BRDA:62,4,1,0
BRDA:68,5,0,0
BRDA:68,5,1,0
BRDA:77,6,0,0
BRDA:77,6,1,0
BRDA:91,7,0,0
BRDA:91,7,1,0
BRF:16
BRH:5
end_of_record
TN:
SF:src\features\majors\major.js
FNF:0
FNH:0
DA:3,5
DA:14,5
LF:2
LH:2
BRF:0
BRH:0
end_of_record
TN:
SF:src\features\majors\majorController.js
FN:3,(anonymous_0)
FN:12,(anonymous_1)
FN:24,(anonymous_2)
FN:33,(anonymous_3)
FN:45,(anonymous_4)
FNF:5
FNH:2
FNDA:1,(anonymous_0)
FNDA:0,(anonymous_1)
FNDA:1,(anonymous_2)
FNDA:0,(anonymous_3)
FNDA:0,(anonymous_4)
DA:3,4
DA:4,1
DA:5,1
DA:6,1
DA:8,0
DA:12,4
DA:13,0
DA:14,0
DA:15,0
DA:16,0
DA:18,0
DA:20,0
DA:24,4
DA:25,1
DA:26,1
DA:27,1
DA:29,0
DA:33,4
DA:34,0
DA:35,0
DA:36,0
DA:37,0
DA:39,0
DA:41,0
DA:45,4
DA:46,0
DA:47,0
DA:48,0
DA:49,0
DA:51,0
DA:53,0
LF:31
LH:11
BRDA:15,0,0,0
BRDA:15,0,1,0
BRDA:36,1,0,0
BRDA:36,1,1,0
BRDA:48,2,0,0
BRDA:48,2,1,0
BRF:6
BRH:0
end_of_record
TN:
SF:src\features\majors\majorRoutes.js
FNF:0
FNH:0
DA:4,4
DA:14,4
DA:33,4
DA:50,4
DA:73,4
DA:90,4
LF:6
LH:6
BRF:0
BRH:0
end_of_record
TN:
SF:src\features\majors\majorService.js
FN:10,(anonymous_0)
FN:17,(anonymous_1)
FN:24,(anonymous_2)
FN:32,(anonymous_3)
FN:39,(anonymous_4)
FNF:5
FNH:3
FNDA:2,(anonymous_0)
FNDA:2,(anonymous_1)
FNDA:1,(anonymous_2)
FNDA:0,(anonymous_3)
FNDA:0,(anonymous_4)
DA:11,2
DA:18,2
DA:25,1
DA:26,1
DA:33,0
DA:40,0
LF:6
LH:4
BRF:0
BRH:0
end_of_record
TN:
SF:src\features\messages\message.js
FNF:0
FNH:0
DA:4,5
DA:27,5
LF:2
LH:2
BRF:0
BRH:0
end_of_record
TN:
SF:src\features\messages\messageController.js
FN:4,(anonymous_0)
FN:15,(anonymous_1)
FN:25,(anonymous_2)
FN:35,(anonymous_3)
FN:51,(anonymous_4)
FN:67,(anonymous_5)
FNF:6
FNH:0
FNDA:0,(anonymous_0)
FNDA:0,(anonymous_1)
FNDA:0,(anonymous_2)
FNDA:0,(anonymous_3)
FNDA:0,(anonymous_4)
FNDA:0,(anonymous_5)
DA:4,4
DA:5,0
DA:6,0
DA:7,0
DA:8,0
DA:10,0
DA:15,4
DA:16,0
DA:17,0
DA:18,0
DA:20,0
DA:25,4
DA:26,0
DA:27,0
DA:28,0
DA:30,0
DA:35,4
DA:36,0
DA:37,0
DA:38,0
DA:39,0
DA:41,0
DA:42,0
DA:43,0
DA:44,0
DA:46,0
DA:51,4
DA:52,0
DA:53,0
DA:54,0
DA:55,0
DA:57,0
DA:58,0
DA:59,0
DA:60,0
DA:62,0
DA:67,4
DA:68,0
DA:69,0
DA:70,0
DA:72,0
LF:41
LH:6
BRDA:41,0,0,0
BRDA:41,0,1,0
BRDA:43,1,0,0
BRDA:43,1,1,0
BRDA:57,2,0,0
BRDA:57,2,1,0
BRDA:59,3,0,0
BRDA:59,3,1,0
BRF:8
BRH:0
end_of_record
TN:
SF:src\features\messages\messageRoutes.js
FNF:0
FNH:0
DA:6,4
DA:9,4
DA:30,4
DA:40,4
DA:50,4
DA:60,4
DA:70,4
DA:80,4
LF:8
LH:8
BRF:0
BRH:0
end_of_record
TN:
SF:src\features\messages\messageService.js
FN:11,(anonymous_0)
FN:30,(anonymous_1)
FN:39,(anonymous_2)
FN:48,(anonymous_3)
FN:67,(anonymous_4)
FN:86,(anonymous_5)
FNF:6
FNH:1
FNDA:2,(anonymous_0)
FNDA:0,(anonymous_1)
FNDA:0,(anonymous_2)
FNDA:0,(anonymous_3)
FNDA:0,(anonymous_4)
FNDA:0,(anonymous_5)
DA:13,2
DA:14,2
DA:15,1
DA:18,1
DA:24,1
DA:31,0
DA:40,0
DA:49,0
DA:51,0
DA:52,0
DA:56,0
DA:57,0
DA:60,0
DA:61,0
DA:68,0
DA:70,0
DA:71,0
DA:75,0
DA:77,0
DA:80,0
DA:87,0
LF:21
LH:5
BRDA:14,0,0,1
BRDA:14,0,1,1
BRDA:51,1,0,0
BRDA:51,1,1,0
BRDA:56,2,0,0
BRDA:56,2,1,0
BRDA:70,3,0,0
BRDA:70,3,1,0
BRDA:75,4,0,0
BRDA:75,4,1,0
BRDA:75,5,0,0
BRDA:75,5,1,0
BRF:12
BRH:2
end_of_record
TN:
SF:src\features\opportunities\opportunity.js
FNF:0
FNH:0
DA:3,6
DA:44,6
LF:2
LH:2
BRF:0
BRH:0
end_of_record
TN:
SF:src\features\opportunities\opportunityController.js
FN:4,(anonymous_0)
FN:17,(anonymous_1)
FN:30,(anonymous_2)
FN:40,(anonymous_3)
FN:56,(anonymous_4)
FNF:5
FNH:4
FNDA:2,(anonymous_0)
FNDA:0,(anonymous_1)
FNDA:2,(anonymous_2)
FNDA:1,(anonymous_3)
FNDA:1,(anonymous_4)
DA:4,4
DA:5,2
DA:6,2
DA:7,2
DA:9,2
DA:10,2
DA:12,0
DA:17,4
DA:18,0
DA:19,0
DA:20,0
DA:21,0
DA:23,0
DA:25,0
DA:30,4
DA:31,2
DA:32,2
DA:33,2
DA:35,0
DA:40,4
DA:41,1
DA:42,1
DA:46,1
DA:47,0
DA:49,1
DA:51,0
DA:56,4
DA:57,1
DA:58,1
DA:59,1
DA:60,0
DA:62,1
DA:64,0
LF:33
LH:21
BRDA:6,0,0,2
BRDA:6,0,1,2
BRDA:7,1,0,2
BRDA:7,1,1,2
BRDA:20,2,0,0
BRDA:20,2,1,0
BRDA:46,3,0,0
BRDA:46,3,1,1
BRDA:59,4,0,0
BRDA:59,4,1,1
BRF:10
BRH:6
end_of_record
TN:
SF:src\features\opportunities\opportunityRoutes.js
FNF:0
FNH:0
DA:4,4
DA:26,4
DA:45,4
DA:62,4
DA:85,4
DA:102,4
LF:6
LH:6
BRF:0
BRH:0
end_of_record
TN:
SF:src\features\opportunities\opportunityService.js
FN:10,(anonymous_0)
FN:23,(anonymous_1)
FN:30,(anonymous_2)
FN:42,(anonymous_3)
FN:53,(anonymous_4)
FNF:5
FNH:4
FNDA:3,(anonymous_0)
FNDA:0,(anonymous_1)
FNDA:3,(anonymous_2)
FNDA:1,(anonymous_3)
FNDA:1,(anonymous_4)
DA:11,3
DA:12,3
DA:15,3
DA:17,3
DA:24,0
DA:31,3
DA:36,3
DA:43,1
DA:54,1
LF:9
LH:8
BRDA:10,0,0,0
BRDA:10,1,0,0
BRF:2
BRH:0
end_of_record
TN:
SF:src\features\users\user.js
FN:61,(anonymous_0)
FN:72,(anonymous_1)
FNF:2
FNH:0
FNDA:0,(anonymous_0)
FNDA:0,(anonymous_1)
DA:4,8
DA:61,8
DA:62,0
DA:63,0
DA:64,0
DA:65,0
DA:66,0
DA:68,0
DA:72,8
DA:73,0
DA:77,8
LF:11
LH:4
BRDA:62,0,0,0
BRDA:62,0,1,0
BRF:2
BRH:0
end_of_record
TN:
SF:src\features\users\userController.js
FN:4,(anonymous_0)
FN:17,(anonymous_1)
FN:30,(anonymous_2)
FN:40,(anonymous_3)
FN:53,(anonymous_4)
FN:66,(anonymous_5)
FNF:6
FNH:0
FNDA:0,(anonymous_0)
FNDA:0,(anonymous_1)
FNDA:0,(anonymous_2)
FNDA:0,(anonymous_3)
FNDA:0,(anonymous_4)
FNDA:0,(anonymous_5)
DA:4,4
DA:5,0
DA:6,0
DA:7,0
DA:9,0
DA:10,0
DA:12,0
DA:17,4
DA:18,0
DA:19,0
DA:20,0
DA:21,0
DA:23,0
DA:25,0
DA:30,4
DA:31,0
DA:32,0
DA:33,0
DA:35,0
DA:40,4
DA:41,0
DA:42,0
DA:43,0
DA:44,0
DA:46,0
DA:48,0
DA:53,4
DA:54,0
DA:55,0
DA:56,0
DA:57,0
DA:59,0
DA:61,0
DA:66,4
DA:67,0
DA:68,0
DA:69,0
DA:70,0
DA:72,0
DA:74,0
LF:40
LH:6
BRDA:6,0,0,0
BRDA:6,0,1,0
BRDA:7,1,0,0
BRDA:7,1,1,0
BRDA:20,2,0,0
BRDA:20,2,1,0
BRDA:43,3,0,0
BRDA:43,3,1,0
BRDA:56,4,0,0
BRDA:56,4,1,0
BRDA:69,5,0,0
BRDA:69,5,1,0
BRF:12
BRH:0
end_of_record
TN:
SF:src\features\users\userRoutes.js
FNF:0
FNH:0
DA:5,4
DA:27,4
DA:42,4
DA:61,4
DA:97,4
DA:120,4
DA:137,4
LF:7
LH:7
BRF:0
BRH:0
end_of_record
TN:
SF:src\features\users\userService.js
FN:10,(anonymous_0)
FN:24,(anonymous_1)
FN:32,(anonymous_2)
FN:40,(anonymous_3)
FN:48,(anonymous_4)
FN:59,(anonymous_5)
FN:66,(anonymous_6)
FNF:7
FNH:2
FNDA:1,(anonymous_0)
FNDA:1,(anonymous_1)
FNDA:0,(anonymous_2)
FNDA:0,(anonymous_3)
FNDA:0,(anonymous_4)
FNDA:0,(anonymous_5)
FNDA:0,(anonymous_6)
DA:11,1
DA:12,1
DA:16,1
DA:18,1
DA:25,1
DA:33,0
DA:41,0
DA:42,0
DA:49,0
DA:60,0
DA:67,0
LF:11
LH:5
BRDA:10,0,0,0
BRDA:10,1,0,0
BRF:2
BRH:0
end_of_record
TN:
SF:src\middleware\authMiddleware.js
FN:3,(anonymous_0)
FN:23,(anonymous_1)
FNF:2
FNH:1
FNDA:2,(anonymous_0)
FNDA:0,(anonymous_1)
DA:3,4
DA:4,2
DA:7,2
DA:9,2
DA:10,2
DA:13,0
DA:14,0
DA:15,0
DA:16,0
DA:18,0
DA:19,0
DA:23,4
DA:24,0
DA:25,0
DA:27,0
LF:15
LH:6
BRDA:7,0,0,2
BRDA:7,0,1,0
BRDA:9,1,0,2
BRDA:9,1,1,0
BRDA:24,2,0,0
BRDA:24,2,1,0
BRDA:24,3,0,0
BRDA:24,3,1,0
BRF:8
BRH:2
end_of_record
TN:
SF:src\middleware\errorHandler.js
FN:1,(anonymous_0)
FNF:1
FNH:0
FNDA:0,(anonymous_0)
DA:1,4
DA:2,0
DA:3,0
LF:3
LH:1
BRDA:2,0,0,0
BRDA:2,0,1,0
BRDA:5,1,0,0
BRDA:5,1,1,0
BRF:4
BRH:0
end_of_record
TN:
SF:src\tests\test-helpers.js
FN:3,(anonymous_0)
FNF:1
FNH:0
FNDA:0,(anonymous_0)
DA:3,1
DA:5,0
DA:6,0
LF:3
LH:1
BRF:0
BRH:0
end_of_record
TN:
SF:src\tests\test-setup.js
FN:6,(anonymous_0)
FN:14,(anonymous_1)
FN:20,(anonymous_2)
FNF:3
FNH:3
FNDA:4,(anonymous_0)
FNDA:4,(anonymous_1)
FNDA:12,(anonymous_2)
DA:6,4
DA:7,4
DA:8,4
DA:10,4
DA:11,4
DA:14,4
DA:15,4
DA:16,4
DA:17,4
DA:20,4
DA:21,12
DA:23,12
DA:24,48
DA:25,48
DA:27,12
LF:15
LH:15
BRF:0
BRH:0
end_of_record
